Using pre-set license
Built from '2021.3/staging' branch; Version is '2021.3.1f1 (3b70a0754835) revision 3895456'; Using compiler version '192829333'; Build Type 'Release'
OS: 'Windows 10  (10.0.19044) 64bit Professional' Language: 'es' Physical Memory: 6077 MB
BatchMode: 1, IsHumanControllingUs: 0, StartBugReporterOnCrash: 0, Is64bit: 1, IsPro: 1

COMMAND LINE ARGUMENTS:
C:\Program Files\Unity\Hub\Editor\Unity 2021.3.1f1\Editor\Unity.exe
-adb2
-batchMode
-noUpm
-name
AssetImportWorker5
-projectPath
C:/Users/PC 04/Desktop/FoodRush
-logFile
Logs/AssetImportWorker5.log
-srvPort
57397
Successfully changed project path to: C:/Users/PC 04/Desktop/FoodRush
C:/Users/PC 04/Desktop/FoodRush
[UnityMemory] Configuration Parameters - Can be set up in boot.config
    "memorysetup-bucket-allocator-granularity=16"
    "memorysetup-bucket-allocator-bucket-count=8"
    "memorysetup-bucket-allocator-block-size=33554432"
    "memorysetup-bucket-allocator-block-count=8"
    "memorysetup-main-allocator-block-size=16777216"
    "memorysetup-thread-allocator-block-size=16777216"
    "memorysetup-gfx-main-allocator-block-size=16777216"
    "memorysetup-gfx-thread-allocator-block-size=16777216"
    "memorysetup-cache-allocator-block-size=4194304"
    "memorysetup-typetree-allocator-block-size=2097152"
    "memorysetup-profiler-bucket-allocator-granularity=16"
    "memorysetup-profiler-bucket-allocator-bucket-count=8"
    "memorysetup-profiler-bucket-allocator-block-size=33554432"
    "memorysetup-profiler-bucket-allocator-block-count=8"
    "memorysetup-profiler-allocator-block-size=16777216"
    "memorysetup-profiler-editor-allocator-block-size=1048576"
    "memorysetup-temp-allocator-size-main=16777216"
    "memorysetup-job-temp-allocator-block-size=2097152"
    "memorysetup-job-temp-allocator-block-size-background=1048576"
    "memorysetup-job-temp-allocator-reduction-small-platforms=262144"
    "memorysetup-temp-allocator-size-background-worker=32768"
    "memorysetup-temp-allocator-size-job-worker=262144"
    "memorysetup-temp-allocator-size-preload-manager=33554432"
    "memorysetup-temp-allocator-size-nav-mesh-worker=65536"
    "memorysetup-temp-allocator-size-audio-worker=65536"
    "memorysetup-temp-allocator-size-cloud-worker=32768"
    "memorysetup-temp-allocator-size-gi-baking-worker=262144"
    "memorysetup-temp-allocator-size-gfx=262144"
Refreshing native plugins compatible for Editor in 152.05 ms, found 3 plugins.
Preloading 0 native plugins for Editor in 0.00 ms.
Initialize engine version: 2021.3.1f1 (3b70a0754835)
[Subsystems] Discovering subsystems at path C:/Program Files/Unity/Hub/Editor/Unity 2021.3.1f1/Editor/Data/Resources/UnitySubsystems
[Subsystems] Discovering subsystems at path C:/Users/PC 04/Desktop/FoodRush/Assets
GfxDevice: creating device client; threaded=0; jobified=0
Direct3D:
    Version:  Direct3D 11.0 [level 11.1]
    Renderer: AMD Radeon(TM) RX Vega 11 Graphics (ID=0x15d8)
    Vendor:   ATI
    VRAM:     3038 MB
    Driver:   30.0.13014.8
Initialize mono
Mono path[0] = 'C:/Program Files/Unity/Hub/Editor/Unity 2021.3.1f1/Editor/Data/Managed'
Mono path[1] = 'C:/Program Files/Unity/Hub/Editor/Unity 2021.3.1f1/Editor/Data/MonoBleedingEdge/lib/mono/unityjit-win32'
Mono config path = 'C:/Program Files/Unity/Hub/Editor/Unity 2021.3.1f1/Editor/Data/MonoBleedingEdge/etc'
Using monoOptions --debugger-agent=transport=dt_socket,embedding=1,server=y,suspend=n,address=127.0.0.1:56112
Begin MonoManager ReloadAssembly
Registering precompiled unity dll's ...
Register platform support module: C:/Program Files/Unity/Hub/Editor/Unity 2021.3.1f1/Editor/Data/PlaybackEngines/WindowsStandaloneSupport/UnityEditor.WindowsStandalone.Extensions.dll
Registered in 0.015962 seconds.
Native extension for WindowsStandalone target not found
Refreshing native plugins compatible for Editor in 112.97 ms, found 3 plugins.
Preloading 0 native plugins for Editor in 0.00 ms.
Mono: successfully reloaded assembly
- Completed reload, in  1.251 seconds
Domain Reload Profiling:
	ReloadAssembly (1252ms)
		BeginReloadAssembly (154ms)
			ExecutionOrderSort (0ms)
			DisableScriptedObjects (0ms)
			BackupInstance (0ms)
			ReleaseScriptingObjects (0ms)
			CreateAndSetChildDomain (1ms)
		EndReloadAssembly (828ms)
			LoadAssemblies (151ms)
			RebuildTransferFunctionScriptingTraits (0ms)
			SetupTypeCache (233ms)
			ReleaseScriptCaches (0ms)
			RebuildScriptCaches (53ms)
			SetupLoadedEditorAssemblies (450ms)
				LogAssemblyErrors (0ms)
				InitializePlatformSupportModulesInManaged (14ms)
				SetLoadedEditorAssemblies (0ms)
				RefreshPlugins (113ms)
				BeforeProcessingInitializeOnLoad (3ms)
				ProcessInitializeOnLoadAttributes (233ms)
				ProcessInitializeOnLoadMethodAttributes (85ms)
				AfterProcessingInitializeOnLoad (0ms)
				EditorAssembliesLoaded (0ms)
			ExecutionOrderSort2 (0ms)
			AwakeInstancesAfterBackupRestoration (0ms)
Platform modules already initialized, skipping
Registering precompiled user dll's ...
Registered in 0.007681 seconds.
Begin MonoManager ReloadAssembly
Symbol file LoadedFromMemory doesn't match image C:\Users\PC 04\Desktop\FoodRush\Library\PackageCache\com.unity.visualscripting@1.7.6\Editor\VisualScripting.Core\Dependencies\YamlDotNet\Unity.VisualScripting.YamlDotNet.dll
Symbol file LoadedFromMemory is not a mono symbol file
Symbol file LoadedFromMemory doesn't match image C:\Users\PC 04\Desktop\FoodRush\Library\PackageCache\com.unity.visualscripting@1.7.6\Editor\VisualScripting.Core\Dependencies\DotNetZip\Unity.VisualScripting.IonicZip.dll
Native extension for WindowsStandalone target not found
Refreshing native plugins compatible for Editor in 1.30 ms, found 3 plugins.
Preloading 0 native plugins for Editor in 0.00 ms.
Mono: successfully reloaded assembly
- Completed reload, in  2.405 seconds
Domain Reload Profiling:
	ReloadAssembly (2407ms)
		BeginReloadAssembly (275ms)
			ExecutionOrderSort (0ms)
			DisableScriptedObjects (15ms)
			BackupInstance (0ms)
			ReleaseScriptingObjects (0ms)
			CreateAndSetChildDomain (47ms)
		EndReloadAssembly (1780ms)
			LoadAssemblies (268ms)
			RebuildTransferFunctionScriptingTraits (0ms)
			SetupTypeCache (737ms)
			ReleaseScriptCaches (1ms)
			RebuildScriptCaches (91ms)
			SetupLoadedEditorAssemblies (634ms)
				LogAssemblyErrors (0ms)
				InitializePlatformSupportModulesInManaged (12ms)
				SetLoadedEditorAssemblies (1ms)
				RefreshPlugins (1ms)
				BeforeProcessingInitializeOnLoad (156ms)
				ProcessInitializeOnLoadAttributes (405ms)
				ProcessInitializeOnLoadMethodAttributes (44ms)
				AfterProcessingInitializeOnLoad (14ms)
				EditorAssembliesLoaded (0ms)
			ExecutionOrderSort2 (0ms)
			AwakeInstancesAfterBackupRestoration (13ms)
Platform modules already initialized, skipping
========================================================================
Worker process is ready to serve import requests
Launched and connected shader compiler UnityShaderCompiler.exe after 0.11 seconds
Refreshing native plugins compatible for Editor in 0.95 ms, found 3 plugins.
Preloading 0 native plugins for Editor in 0.00 ms.
Unloading 3225 Unused Serialized files (Serialized files now loaded: 0)
Unloading 23 unused Assets / (112.4 KB). Loaded Objects now: 3687.
Memory consumption went from 112.7 MB to 112.6 MB.
Total: 5.882000 ms (FindLiveObjects: 0.393500 ms CreateObjectMapping: 0.535700 ms MarkObjects: 4.707000 ms  DeleteObjects: 0.243800 ms)

AssetImportParameters requested are different than current active one (requested -> active):
  custom:video-decoder-ogg-theora: a1e56fd34408186e4bbccfd4996cb3dc -> 
  custom:container-muxer-webm: aa71ff27fc2769a1b78a27578f13a17b -> 
  custom:container-demuxer-webm: 4f35f7cbe854078d1ac9338744f61a02 -> 
  custom:video-encoder-webm-vp8: eb34c28f22e8b96e1ab97ce403110664 -> 
  custom:audio-encoder-webm-vorbis: bf7c407c2cedff20999df2af8eb42d56 -> 
  custom:framework-win-MediaFoundation: 216162199b28c13a410421893ffa2e32 -> 
  custom:container-demuxer-ogg: 62fdf1f143b41e24485cea50d1cbac27 -> 
  custom:video-decoder-webm-vp8: 9c59270c3fd7afecdb556c50c9e8de78 -> 
  custom:audio-decoder-ogg-vorbis: bf7c407c2cedff20999df2af8eb42d56 -> 
========================================================================
Received Import Request.
  Time since last request: 1135597.529128 seconds.
  path: Assets/Import Assets/Restaurant Interior Full Pack/3.Materials/items.mat
  artifactKey: Guid(e69eb9f24986944dba42d64f9bffbe02) Importer(815301076,1909f56bfc062723c751e8b465ee728b)
Start importing Assets/Import Assets/Restaurant Interior Full Pack/3.Materials/items.mat using Guid(e69eb9f24986944dba42d64f9bffbe02) Importer(815301076,1909f56bfc062723c751e8b465ee728b)  -> (artifact id: '02ebfcd01b0963207075ff78b7d301a5') in 0.217077 seconds 
========================================================================
Received Import Request.
  Time since last request: 1.379143 seconds.
  path: Assets/Import Assets/Restaurant Interior Full Pack/4.Models/tables and chairs.fbx
  artifactKey: Guid(14e167cd9fb3147889c151390b2cc8b6) Importer(815301076,1909f56bfc062723c751e8b465ee728b)
Start importing Assets/Import Assets/Restaurant Interior Full Pack/4.Models/tables and chairs.fbx using Guid(14e167cd9fb3147889c151390b2cc8b6) Importer(815301076,1909f56bfc062723c751e8b465ee728b)  -> (artifact id: 'ed37c49085f633e2c7205fff839b8d36') in 0.782545 seconds 
========================================================================
Received Import Request.
  Time since last request: 3.171336 seconds.
  path: Assets/Import Assets/Restaurant Interior Full Pack/1.Prefabs/floors/floor_2.prefab
  artifactKey: Guid(8721be980d10a4f9dac00905eca498d3) Importer(815301076,1909f56bfc062723c751e8b465ee728b)
Start importing Assets/Import Assets/Restaurant Interior Full Pack/1.Prefabs/floors/floor_2.prefab using Guid(8721be980d10a4f9dac00905eca498d3) Importer(815301076,1909f56bfc062723c751e8b465ee728b)  -> (artifact id: 'b663af4793e0d5080ba785b839c7035d') in 0.032324 seconds 
========================================================================
Received Import Request.
  Time since last request: 1.490146 seconds.
  path: Assets/Import Assets/Restaurant Interior Full Pack/1.Prefabs/addons/cash_register.prefab
  artifactKey: Guid(061d8433180ee410c876e592b338cc0b) Importer(815301076,1909f56bfc062723c751e8b465ee728b)
Start importing Assets/Import Assets/Restaurant Interior Full Pack/1.Prefabs/addons/cash_register.prefab using Guid(061d8433180ee410c876e592b338cc0b) Importer(815301076,1909f56bfc062723c751e8b465ee728b)  -> (artifact id: '4f9d58360c00ee4377745034a179ca5b') in 0.052487 seconds 
========================================================================
Received Import Request.
  Time since last request: 0.000051 seconds.
  path: Assets/Import Assets/Restaurant Interior Full Pack/1.Prefabs/addons/flowers.prefab
  artifactKey: Guid(b26eb1171c7bb45d0a3e0219013793e6) Importer(815301076,1909f56bfc062723c751e8b465ee728b)
Start importing Assets/Import Assets/Restaurant Interior Full Pack/1.Prefabs/addons/flowers.prefab using Guid(b26eb1171c7bb45d0a3e0219013793e6) Importer(815301076,1909f56bfc062723c751e8b465ee728b)  -> (artifact id: '6835596916e2e5eb3faef9448d1bee98') in 0.040937 seconds 
========================================================================
Received Import Request.
  Time since last request: 0.000079 seconds.
  path: Assets/Import Assets/Restaurant Interior Full Pack/1.Prefabs/addons/cooker.prefab
  artifactKey: Guid(b42569332bdc146949eaab7e55cfa260) Importer(815301076,1909f56bfc062723c751e8b465ee728b)
Start importing Assets/Import Assets/Restaurant Interior Full Pack/1.Prefabs/addons/cooker.prefab using Guid(b42569332bdc146949eaab7e55cfa260) Importer(815301076,1909f56bfc062723c751e8b465ee728b)  -> (artifact id: '9a693be4a6b5dc3e6c91e1da184cb540') in 0.049160 seconds 
========================================================================
Received Import Request.
  Time since last request: 0.000069 seconds.
  path: Assets/Import Assets/Restaurant Interior Full Pack/1.Prefabs/addons/trash.prefab
  artifactKey: Guid(8cf587075220a4e8aa8f649518c732f2) Importer(815301076,1909f56bfc062723c751e8b465ee728b)
Start importing Assets/Import Assets/Restaurant Interior Full Pack/1.Prefabs/addons/trash.prefab using Guid(8cf587075220a4e8aa8f649518c732f2) Importer(815301076,1909f56bfc062723c751e8b465ee728b)  -> (artifact id: 'ec7095ecefdd1eb14d349eb4b55661cb') in 0.036200 seconds 
========================================================================
Received Import Request.
  Time since last request: 0.000164 seconds.
  path: Assets/Import Assets/Restaurant Interior Full Pack/1.Prefabs/addons/toilet.prefab
  artifactKey: Guid(3f3c34eac948f41b39745bf3d1ce5f60) Importer(815301076,1909f56bfc062723c751e8b465ee728b)
Start importing Assets/Import Assets/Restaurant Interior Full Pack/1.Prefabs/addons/toilet.prefab using Guid(3f3c34eac948f41b39745bf3d1ce5f60) Importer(815301076,1909f56bfc062723c751e8b465ee728b)  -> (artifact id: '09fdce619f35a09f4c2c218635df9a46') in 0.060661 seconds 
========================================================================
Received Import Request.
  Time since last request: 0.000046 seconds.
  path: Assets/Import Assets/Restaurant Interior Full Pack/1.Prefabs/addons/toilet_wall.prefab
  artifactKey: Guid(2c2c7358c3e3d400aadd2d3b391c6ee3) Importer(815301076,1909f56bfc062723c751e8b465ee728b)
Start importing Assets/Import Assets/Restaurant Interior Full Pack/1.Prefabs/addons/toilet_wall.prefab using Guid(2c2c7358c3e3d400aadd2d3b391c6ee3) Importer(815301076,1909f56bfc062723c751e8b465ee728b)  -> (artifact id: '7a42931b51fb9eaf49aeed9aa9f3b6e2') in 0.026628 seconds 
========================================================================
Received Import Request.
  Time since last request: 0.000056 seconds.
  path: Assets/Import Assets/Restaurant Interior Full Pack/1.Prefabs/addons/toilet_door.prefab
  artifactKey: Guid(05aae47b2350c4201b91b86b5dde5e20) Importer(815301076,1909f56bfc062723c751e8b465ee728b)
Start importing Assets/Import Assets/Restaurant Interior Full Pack/1.Prefabs/addons/toilet_door.prefab using Guid(05aae47b2350c4201b91b86b5dde5e20) Importer(815301076,1909f56bfc062723c751e8b465ee728b)  -> (artifact id: 'a9e472d164fe0a010b67149bb34af3e4') in 0.037474 seconds 
Editor requested this worker to shutdown with reason: Scaling down because of idle timeout
AssetImportWorker is now disconnected from the server
Process exiting
Exiting without the bug reporter. Application will terminate with return code 0