Using pre-set license
Built from '2021.3/staging' branch; Version is '2021.3.1f1 (3b70a0754835) revision 3895456'; Using compiler version '192829333'; Build Type 'Release'
OS: 'Windows 10  (10.0.19044) 64bit Professional' Language: 'es' Physical Memory: 6077 MB
BatchMode: 1, IsHumanControllingUs: 0, StartBugReporterOnCrash: 0, Is64bit: 1, IsPro: 1

COMMAND LINE ARGUMENTS:
C:\Program Files\Unity\Hub\Editor\Unity 2021.3.1f1\Editor\Unity.exe
-adb2
-batchMode
-noUpm
-name
AssetImportWorker0
-projectPath
C:/Users/PC 04/Desktop/FoodRush
-logFile
Logs/AssetImportWorker0.log
-srvPort
57397
Successfully changed project path to: C:/Users/PC 04/Desktop/FoodRush
C:/Users/PC 04/Desktop/FoodRush
[UnityMemory] Configuration Parameters - Can be set up in boot.config
    "memorysetup-bucket-allocator-granularity=16"
    "memorysetup-bucket-allocator-bucket-count=8"
    "memorysetup-bucket-allocator-block-size=33554432"
    "memorysetup-bucket-allocator-block-count=8"
    "memorysetup-main-allocator-block-size=16777216"
    "memorysetup-thread-allocator-block-size=16777216"
    "memorysetup-gfx-main-allocator-block-size=16777216"
    "memorysetup-gfx-thread-allocator-block-size=16777216"
    "memorysetup-cache-allocator-block-size=4194304"
    "memorysetup-typetree-allocator-block-size=2097152"
    "memorysetup-profiler-bucket-allocator-granularity=16"
    "memorysetup-profiler-bucket-allocator-bucket-count=8"
    "memorysetup-profiler-bucket-allocator-block-size=33554432"
    "memorysetup-profiler-bucket-allocator-block-count=8"
    "memorysetup-profiler-allocator-block-size=16777216"
    "memorysetup-profiler-editor-allocator-block-size=1048576"
    "memorysetup-temp-allocator-size-main=16777216"
    "memorysetup-job-temp-allocator-block-size=2097152"
    "memorysetup-job-temp-allocator-block-size-background=1048576"
    "memorysetup-job-temp-allocator-reduction-small-platforms=262144"
    "memorysetup-temp-allocator-size-background-worker=32768"
    "memorysetup-temp-allocator-size-job-worker=262144"
    "memorysetup-temp-allocator-size-preload-manager=33554432"
    "memorysetup-temp-allocator-size-nav-mesh-worker=65536"
    "memorysetup-temp-allocator-size-audio-worker=65536"
    "memorysetup-temp-allocator-size-cloud-worker=32768"
    "memorysetup-temp-allocator-size-gi-baking-worker=262144"
    "memorysetup-temp-allocator-size-gfx=262144"
Refreshing native plugins compatible for Editor in 107.25 ms, found 3 plugins.
Preloading 0 native plugins for Editor in 0.00 ms.
Initialize engine version: 2021.3.1f1 (3b70a0754835)
[Subsystems] Discovering subsystems at path C:/Program Files/Unity/Hub/Editor/Unity 2021.3.1f1/Editor/Data/Resources/UnitySubsystems
[Subsystems] Discovering subsystems at path C:/Users/PC 04/Desktop/FoodRush/Assets
GfxDevice: creating device client; threaded=0; jobified=0
Direct3D:
    Version:  Direct3D 11.0 [level 11.1]
    Renderer: AMD Radeon(TM) RX Vega 11 Graphics (ID=0x15d8)
    Vendor:   ATI
    VRAM:     3038 MB
    Driver:   30.0.13014.8
Initialize mono
Mono path[0] = 'C:/Program Files/Unity/Hub/Editor/Unity 2021.3.1f1/Editor/Data/Managed'
Mono path[1] = 'C:/Program Files/Unity/Hub/Editor/Unity 2021.3.1f1/Editor/Data/MonoBleedingEdge/lib/mono/unityjit-win32'
Mono config path = 'C:/Program Files/Unity/Hub/Editor/Unity 2021.3.1f1/Editor/Data/MonoBleedingEdge/etc'
Using monoOptions --debugger-agent=transport=dt_socket,embedding=1,server=y,suspend=n,address=127.0.0.1:56200
Begin MonoManager ReloadAssembly
Registering precompiled unity dll's ...
Register platform support module: C:/Program Files/Unity/Hub/Editor/Unity 2021.3.1f1/Editor/Data/PlaybackEngines/WindowsStandaloneSupport/UnityEditor.WindowsStandalone.Extensions.dll
Registered in 0.016507 seconds.
Native extension for WindowsStandalone target not found
Refreshing native plugins compatible for Editor in 86.96 ms, found 3 plugins.
Preloading 0 native plugins for Editor in 0.00 ms.
Mono: successfully reloaded assembly
- Completed reload, in  0.969 seconds
Domain Reload Profiling:
	ReloadAssembly (970ms)
		BeginReloadAssembly (189ms)
			ExecutionOrderSort (0ms)
			DisableScriptedObjects (0ms)
			BackupInstance (0ms)
			ReleaseScriptingObjects (0ms)
			CreateAndSetChildDomain (1ms)
		EndReloadAssembly (593ms)
			LoadAssemblies (184ms)
			RebuildTransferFunctionScriptingTraits (0ms)
			SetupTypeCache (157ms)
			ReleaseScriptCaches (0ms)
			RebuildScriptCaches (35ms)
			SetupLoadedEditorAssemblies (330ms)
				LogAssemblyErrors (0ms)
				InitializePlatformSupportModulesInManaged (10ms)
				SetLoadedEditorAssemblies (0ms)
				RefreshPlugins (87ms)
				BeforeProcessingInitializeOnLoad (1ms)
				ProcessInitializeOnLoadAttributes (171ms)
				ProcessInitializeOnLoadMethodAttributes (60ms)
				AfterProcessingInitializeOnLoad (0ms)
				EditorAssembliesLoaded (0ms)
			ExecutionOrderSort2 (0ms)
			AwakeInstancesAfterBackupRestoration (0ms)
Platform modules already initialized, skipping
Registering precompiled user dll's ...
Registered in 0.019795 seconds.
Begin MonoManager ReloadAssembly
Symbol file LoadedFromMemory doesn't match image C:\Users\PC 04\Desktop\FoodRush\Library\PackageCache\com.unity.visualscripting@1.7.6\Editor\VisualScripting.Core\Dependencies\YamlDotNet\Unity.VisualScripting.YamlDotNet.dll
Symbol file LoadedFromMemory is not a mono symbol file
Symbol file LoadedFromMemory doesn't match image C:\Users\PC 04\Desktop\FoodRush\Library\PackageCache\com.unity.visualscripting@1.7.6\Editor\VisualScripting.Core\Dependencies\DotNetZip\Unity.VisualScripting.IonicZip.dll
Native extension for WindowsStandalone target not found
Refreshing native plugins compatible for Editor in 0.66 ms, found 3 plugins.
Preloading 0 native plugins for Editor in 0.00 ms.
Mono: successfully reloaded assembly
- Completed reload, in  1.482 seconds
Domain Reload Profiling:
	ReloadAssembly (1483ms)
		BeginReloadAssembly (138ms)
			ExecutionOrderSort (0ms)
			DisableScriptedObjects (7ms)
			BackupInstance (0ms)
			ReleaseScriptingObjects (0ms)
			CreateAndSetChildDomain (22ms)
		EndReloadAssembly (1198ms)
			LoadAssemblies (221ms)
			RebuildTransferFunctionScriptingTraits (0ms)
			SetupTypeCache (343ms)
			ReleaseScriptCaches (1ms)
			RebuildScriptCaches (123ms)
			SetupLoadedEditorAssemblies (453ms)
				LogAssemblyErrors (0ms)
				InitializePlatformSupportModulesInManaged (7ms)
				SetLoadedEditorAssemblies (1ms)
				RefreshPlugins (1ms)
				BeforeProcessingInitializeOnLoad (109ms)
				ProcessInitializeOnLoadAttributes (289ms)
				ProcessInitializeOnLoadMethodAttributes (34ms)
				AfterProcessingInitializeOnLoad (11ms)
				EditorAssembliesLoaded (0ms)
			ExecutionOrderSort2 (0ms)
			AwakeInstancesAfterBackupRestoration (7ms)
Platform modules already initialized, skipping
========================================================================
Worker process is ready to serve import requests
Launched and connected shader compiler UnityShaderCompiler.exe after 0.10 seconds
Refreshing native plugins compatible for Editor in 0.71 ms, found 3 plugins.
Preloading 0 native plugins for Editor in 0.00 ms.
Unloading 3225 Unused Serialized files (Serialized files now loaded: 0)
Unloading 23 unused Assets / (112.4 KB). Loaded Objects now: 3687.
Memory consumption went from 112.5 MB to 112.4 MB.
Total: 3.833900 ms (FindLiveObjects: 0.411200 ms CreateObjectMapping: 0.129300 ms MarkObjects: 3.155800 ms  DeleteObjects: 0.135800 ms)

AssetImportParameters requested are different than current active one (requested -> active):
  custom:video-decoder-ogg-theora: a1e56fd34408186e4bbccfd4996cb3dc -> 
  custom:container-muxer-webm: aa71ff27fc2769a1b78a27578f13a17b -> 
  custom:container-demuxer-webm: 4f35f7cbe854078d1ac9338744f61a02 -> 
  custom:video-encoder-webm-vp8: eb34c28f22e8b96e1ab97ce403110664 -> 
  custom:audio-encoder-webm-vorbis: bf7c407c2cedff20999df2af8eb42d56 -> 
  custom:framework-win-MediaFoundation: 216162199b28c13a410421893ffa2e32 -> 
  custom:container-demuxer-ogg: 62fdf1f143b41e24485cea50d1cbac27 -> 
  custom:video-decoder-webm-vp8: 9c59270c3fd7afecdb556c50c9e8de78 -> 
  custom:audio-decoder-ogg-vorbis: bf7c407c2cedff20999df2af8eb42d56 -> 
========================================================================
Received Import Request.
  Time since last request: 1133952.040385 seconds.
  path: Assets/models
  artifactKey: Guid(741abf9cb1899da4cbe03b502e4337ae) Importer(815301076,1909f56bfc062723c751e8b465ee728b)
Start importing Assets/models using Guid(741abf9cb1899da4cbe03b502e4337ae) Importer(815301076,1909f56bfc062723c751e8b465ee728b)  -> (artifact id: 'ac9bc42bbe8a4b7df1bd5fa80dcadd6c') in 0.019368 seconds 
========================================================================
Received Import Request.
  Time since last request: 8.406164 seconds.
  path: Assets/Project
  artifactKey: Guid(f6fd8d8963235f4408a351b9202683bc) Importer(815301076,1909f56bfc062723c751e8b465ee728b)
Start importing Assets/Project using Guid(f6fd8d8963235f4408a351b9202683bc) Importer(815301076,1909f56bfc062723c751e8b465ee728b)  -> (artifact id: 'e7c8e503fd4d46ff00e3213c169cb30d') in 0.012221 seconds 
========================================================================
Received Import Request.
  Time since last request: 18.246317 seconds.
  path: Assets/Materials
  artifactKey: Guid(d82fea8dd5bcc4c4cb03521abd8fb8f1) Importer(815301076,1909f56bfc062723c751e8b465ee728b)
Start importing Assets/Materials using Guid(d82fea8dd5bcc4c4cb03521abd8fb8f1) Importer(815301076,1909f56bfc062723c751e8b465ee728b)  -> (artifact id: '2c104de35194ae16905d7ed843499ecd') in 0.012518 seconds 
========================================================================
Received Import Request.
  Time since last request: 5.267325 seconds.
  path: Assets/Models
  artifactKey: Guid(741abf9cb1899da4cbe03b502e4337ae) Importer(815301076,1909f56bfc062723c751e8b465ee728b)
Start importing Assets/Models using Guid(741abf9cb1899da4cbe03b502e4337ae) Importer(815301076,1909f56bfc062723c751e8b465ee728b)  -> (artifact id: '0a452cd7d9a184001e23b86c882bb58f') in 0.012484 seconds 
========================================================================
Received Import Request.
  Time since last request: 14.012293 seconds.
  path: Assets/Animation
  artifactKey: Guid(eeebffc2def6b2b4fa0caef43be9dc4d) Importer(815301076,1909f56bfc062723c751e8b465ee728b)
Start importing Assets/Animation using Guid(eeebffc2def6b2b4fa0caef43be9dc4d) Importer(815301076,1909f56bfc062723c751e8b465ee728b)  -> (artifact id: '1a6fd7da4fc348a33670b163237e1511') in 0.012416 seconds 
========================================================================
Received Import Request.
  Time since last request: 15.132526 seconds.
  path: Assets/ControlAnimation
  artifactKey: Guid(e6a2c2cc422445e4594cd48a33cbd77d) Importer(815301076,1909f56bfc062723c751e8b465ee728b)
Start importing Assets/ControlAnimation using Guid(e6a2c2cc422445e4594cd48a33cbd77d) Importer(815301076,1909f56bfc062723c751e8b465ee728b)  -> (artifact id: '54b202ed41cc2c38cf5f46a7e0aa1a4b') in 0.011497 seconds 
========================================================================
Received Import Request.
  Time since last request: 15.000233 seconds.
  path: Assets/Prefabs
  artifactKey: Guid(be410352c9b65f9459fed6966d2a84ce) Importer(815301076,1909f56bfc062723c751e8b465ee728b)
Start importing Assets/Prefabs using Guid(be410352c9b65f9459fed6966d2a84ce) Importer(815301076,1909f56bfc062723c751e8b465ee728b)  -> (artifact id: '1f887b71acfc27f5997374f9c7fb9415') in 0.010363 seconds 
========================================================================
Received Import Request.
  Time since last request: 13.769797 seconds.
  path: Assets/Import Assets
  artifactKey: Guid(9f7be0848f71e554d96709b7328be627) Importer(815301076,1909f56bfc062723c751e8b465ee728b)
Start importing Assets/Import Assets using Guid(9f7be0848f71e554d96709b7328be627) Importer(815301076,1909f56bfc062723c751e8b465ee728b)  -> (artifact id: '42f7b09446ed7fbacbae46caef1303c9') in 0.010248 seconds 
========================================================================
Received Import Request.
  Time since last request: 22.740179 seconds.
  path: Assets/Scripts
  artifactKey: Guid(6714f8ae8d832904392cad0741473822) Importer(815301076,1909f56bfc062723c751e8b465ee728b)
Start importing Assets/Scripts using Guid(6714f8ae8d832904392cad0741473822) Importer(815301076,1909f56bfc062723c751e8b465ee728b)  -> (artifact id: '534ce202bfb74c2631e428da9139c0c0') in 0.089486 seconds 
========================================================================
Received Prepare
Registering precompiled user dll's ...
Registered in 0.005275 seconds.
Begin MonoManager ReloadAssembly
IOException: Sharing violation on path C:\Users\PC 04\Desktop\FoodRush\ProjectSettings\Packages\com.unity.testtools.codecoverage\Settings.json
  at System.IO.FileStream..ctor (System.String path, System.IO.FileMode mode, System.IO.FileAccess access, System.IO.FileShare share, System.Int32 bufferSize, System.Boolean anonymous, System.IO.FileOptions options) [0x0019e] in <6073cf49ed704e958b8a66d540dea948>:0 
  at System.IO.FileStream..ctor (System.String path, System.IO.FileMode mode, System.IO.FileAccess access, System.IO.FileShare share, System.Int32 bufferSize, System.IO.FileOptions options) [0x00000] in <6073cf49ed704e958b8a66d540dea948>:0 
  at (wrapper remoting-invoke-with-check) System.IO.FileStream..ctor(string,System.IO.FileMode,System.IO.FileAccess,System.IO.FileShare,int,System.IO.FileOptions)
  at System.IO.StreamWriter..ctor (System.String path, System.Boolean append, System.Text.Encoding encoding, System.Int32 bufferSize) [0x00055] in <6073cf49ed704e958b8a66d540dea948>:0 
  at System.IO.StreamWriter..ctor (System.String path) [0x00008] in <6073cf49ed704e958b8a66d540dea948>:0 
  at (wrapper remoting-invoke-with-check) System.IO.StreamWriter..ctor(string)
  at System.IO.File.WriteAllText (System.String path, System.String contents) [0x00026] in <6073cf49ed704e958b8a66d540dea948>:0 
  at UnityEditor.SettingsManagement.PackageSettingsRepository.Save () [0x00070] in C:\Users\PC 04\Desktop\FoodRush\Library\PackageCache\com.unity.settings-manager@1.0.3\Editor\PackageSettingsRepository.cs:144 
  at UnityEditor.AssemblyReloadEvents.OnBeforeAssemblyReload () [0x00017] in <1135c66e5f4c41a7831fa5798849d8b6>:0 

(Filename: Library/PackageCache/com.unity.settings-manager@1.0.3/Editor/PackageSettingsRepository.cs Line: 144)

Symbol file LoadedFromMemory doesn't match image C:\Users\PC 04\Desktop\FoodRush\Library\PackageCache\com.unity.visualscripting@1.7.6\Editor\VisualScripting.Core\Dependencies\YamlDotNet\Unity.VisualScripting.YamlDotNet.dll
Symbol file LoadedFromMemory is not a mono symbol file
Symbol file LoadedFromMemory doesn't match image C:\Users\PC 04\Desktop\FoodRush\Library\PackageCache\com.unity.visualscripting@1.7.6\Editor\VisualScripting.Core\Dependencies\DotNetZip\Unity.VisualScripting.IonicZip.dll
Native extension for WindowsStandalone target not found
Refreshing native plugins compatible for Editor in 1.02 ms, found 3 plugins.
Preloading 0 native plugins for Editor in 0.00 ms.
Mono: successfully reloaded assembly
- Completed reload, in  1.309 seconds
Domain Reload Profiling:
	ReloadAssembly (1310ms)
		BeginReloadAssembly (245ms)
			ExecutionOrderSort (0ms)
			DisableScriptedObjects (8ms)
			BackupInstance (0ms)
			ReleaseScriptingObjects (0ms)
			CreateAndSetChildDomain (59ms)
		EndReloadAssembly (928ms)
			LoadAssemblies (172ms)
			RebuildTransferFunctionScriptingTraits (0ms)
			SetupTypeCache (319ms)
			ReleaseScriptCaches (1ms)
			RebuildScriptCaches (50ms)
			SetupLoadedEditorAssemblies (372ms)
				LogAssemblyErrors (0ms)
				InitializePlatformSupportModulesInManaged (16ms)
				SetLoadedEditorAssemblies (1ms)
				RefreshPlugins (1ms)
				BeforeProcessingInitializeOnLoad (78ms)
				ProcessInitializeOnLoadAttributes (235ms)
				ProcessInitializeOnLoadMethodAttributes (30ms)
				AfterProcessingInitializeOnLoad (11ms)
				EditorAssembliesLoaded (0ms)
			ExecutionOrderSort2 (0ms)
			AwakeInstancesAfterBackupRestoration (8ms)
Platform modules already initialized, skipping
Refreshing native plugins compatible for Editor in 2.21 ms, found 3 plugins.
Preloading 0 native plugins for Editor in 0.00 ms.
Unloading 3220 Unused Serialized files (Serialized files now loaded: 0)
Unloading 16 unused Assets / (79.3 KB). Loaded Objects now: 3690.
Memory consumption went from 112.7 MB to 112.6 MB.
Total: 8.606500 ms (FindLiveObjects: 0.508200 ms CreateObjectMapping: 0.213700 ms MarkObjects: 7.732200 ms  DeleteObjects: 0.150200 ms)

AssetImportParameters requested are different than current active one (requested -> active):
  custom:video-decoder-ogg-theora: a1e56fd34408186e4bbccfd4996cb3dc -> 
  custom:container-muxer-webm: aa71ff27fc2769a1b78a27578f13a17b -> 
  custom:container-demuxer-webm: 4f35f7cbe854078d1ac9338744f61a02 -> 
  custom:video-encoder-webm-vp8: eb34c28f22e8b96e1ab97ce403110664 -> 
  custom:audio-encoder-webm-vorbis: bf7c407c2cedff20999df2af8eb42d56 -> 
  custom:framework-win-MediaFoundation: 216162199b28c13a410421893ffa2e32 -> 
  custom:container-demuxer-ogg: 62fdf1f143b41e24485cea50d1cbac27 -> 
  custom:video-decoder-webm-vp8: 9c59270c3fd7afecdb556c50c9e8de78 -> 
  custom:audio-decoder-ogg-vorbis: bf7c407c2cedff20999df2af8eb42d56 -> 
========================================================================
Received Import Request.
  Time since last request: 566.248507 seconds.
  path: Assets/Import Assets/TMI - Kitchen
  artifactKey: Guid(fa2b96a7ea7e6aa4daaf894a36d700af) Importer(815301076,1909f56bfc062723c751e8b465ee728b)
Start importing Assets/Import Assets/TMI - Kitchen using Guid(fa2b96a7ea7e6aa4daaf894a36d700af) Importer(815301076,1909f56bfc062723c751e8b465ee728b)  -> (artifact id: '892d0b63cdd2840326dc3df1aa8464cd') in 0.018258 seconds 
========================================================================
Received Import Request.
  Time since last request: 1.322208 seconds.
  path: Assets/Import Assets/TMI - Kitchen/Prefabs
  artifactKey: Guid(3e98fa87a953e564c94cf9d257ec3396) Importer(815301076,1909f56bfc062723c751e8b465ee728b)
Start importing Assets/Import Assets/TMI - Kitchen/Prefabs using Guid(3e98fa87a953e564c94cf9d257ec3396) Importer(815301076,1909f56bfc062723c751e8b465ee728b)  -> (artifact id: '29d9f704243f92350a84060b051ce62a') in 0.004052 seconds 
========================================================================
Received Import Request.
  Time since last request: 0.041446 seconds.
  path: Assets/Import Assets/TMI - Kitchen/Prefabs/chair.prefab
  artifactKey: Guid(784e35ed9f27aa744b517ad20f9078d6) Importer(815301076,1909f56bfc062723c751e8b465ee728b)
Start importing Assets/Import Assets/TMI - Kitchen/Prefabs/chair.prefab using Guid(784e35ed9f27aa744b517ad20f9078d6) Importer(815301076,1909f56bfc062723c751e8b465ee728b)  -> (artifact id: '77278b0dfd65abc1164449ecaabcb556') in 0.402656 seconds 
========================================================================
Received Import Request.
  Time since last request: 0.000043 seconds.
  path: Assets/Import Assets/TMI - Kitchen/Prefabs/fridge.prefab
  artifactKey: Guid(afdaa1a0f5e060047b49e9b7875c57b0) Importer(815301076,1909f56bfc062723c751e8b465ee728b)
Start importing Assets/Import Assets/TMI - Kitchen/Prefabs/fridge.prefab using Guid(afdaa1a0f5e060047b49e9b7875c57b0) Importer(815301076,1909f56bfc062723c751e8b465ee728b)  -> (artifact id: 'de047a74afe0da93b0b1c1995d0b2269') in 0.071221 seconds 
========================================================================
Received Import Request.
  Time since last request: 0.000117 seconds.
  path: Assets/Import Assets/TMI - Kitchen/Prefabs/kitchen_sink.prefab
  artifactKey: Guid(8094aef0b3dceb349950acdaac1ce18e) Importer(815301076,1909f56bfc062723c751e8b465ee728b)
Start importing Assets/Import Assets/TMI - Kitchen/Prefabs/kitchen_sink.prefab using Guid(8094aef0b3dceb349950acdaac1ce18e) Importer(815301076,1909f56bfc062723c751e8b465ee728b)  -> (artifact id: '5e458ae395dd1b66f2b3ff3cfb7ed2b0') in 0.034991 seconds 
========================================================================
Received Import Request.
  Time since last request: 0.000040 seconds.
  path: Assets/Import Assets/TMI - Kitchen/Prefabs/kitchen_stand_3.prefab
  artifactKey: Guid(e29e03d3d69a1f04781daa73afb3e6ae) Importer(815301076,1909f56bfc062723c751e8b465ee728b)
Start importing Assets/Import Assets/TMI - Kitchen/Prefabs/kitchen_stand_3.prefab using Guid(e29e03d3d69a1f04781daa73afb3e6ae) Importer(815301076,1909f56bfc062723c751e8b465ee728b)  -> (artifact id: '306db1e2066897dfb262f2c8c011015f') in 0.030339 seconds 
========================================================================
Received Import Request.
  Time since last request: 0.000039 seconds.
  path: Assets/Import Assets/TMI - Kitchen/Prefabs/cooking_pot.prefab
  artifactKey: Guid(46a187f97233b1f4cbc759a8b4ea9cf7) Importer(815301076,1909f56bfc062723c751e8b465ee728b)
Start importing Assets/Import Assets/TMI - Kitchen/Prefabs/cooking_pot.prefab using Guid(46a187f97233b1f4cbc759a8b4ea9cf7) Importer(815301076,1909f56bfc062723c751e8b465ee728b)  -> (artifact id: 'b2b8cf462f60ed649a2c97e81cec9419') in 0.030825 seconds 
========================================================================
Received Import Request.
  Time since last request: 0.000057 seconds.
  path: Assets/Import Assets/TMI - Kitchen/Prefabs/triangle_napkin.prefab
  artifactKey: Guid(bc23d13d1bed5c04da3fcb727c42b626) Importer(815301076,1909f56bfc062723c751e8b465ee728b)
Start importing Assets/Import Assets/TMI - Kitchen/Prefabs/triangle_napkin.prefab using Guid(bc23d13d1bed5c04da3fcb727c42b626) Importer(815301076,1909f56bfc062723c751e8b465ee728b)  -> (artifact id: '8e598fe5b895b2087a2237b060705842') in 0.029864 seconds 
========================================================================
Received Import Request.
  Time since last request: 0.000036 seconds.
  path: Assets/Import Assets/TMI - Kitchen/Prefabs/toaster.prefab
  artifactKey: Guid(88d1ff51a98f960408bcd880ce72fe38) Importer(815301076,1909f56bfc062723c751e8b465ee728b)
Start importing Assets/Import Assets/TMI - Kitchen/Prefabs/toaster.prefab using Guid(88d1ff51a98f960408bcd880ce72fe38) Importer(815301076,1909f56bfc062723c751e8b465ee728b)  -> (artifact id: '47411bb7c608ebbb3bdb2b0eb583ca6a') in 0.042406 seconds 
========================================================================
Received Import Request.
  Time since last request: 0.000059 seconds.
  path: Assets/Import Assets/TMI - Kitchen/Prefabs/waffle_machine.prefab
  artifactKey: Guid(1c422d16ed4845d419317359040e4215) Importer(815301076,1909f56bfc062723c751e8b465ee728b)
Start importing Assets/Import Assets/TMI - Kitchen/Prefabs/waffle_machine.prefab using Guid(1c422d16ed4845d419317359040e4215) Importer(815301076,1909f56bfc062723c751e8b465ee728b)  -> (artifact id: '2ea762bf594c629abac52e7ddcff3c5d') in 0.073308 seconds 
========================================================================
Received Import Request.
  Time since last request: 0.000090 seconds.
  path: Assets/Import Assets/TMI - Kitchen/Prefabs/kitchen_stand.prefab
  artifactKey: Guid(c5e78a669f7936946aa19bff98e30dd5) Importer(815301076,1909f56bfc062723c751e8b465ee728b)
Start importing Assets/Import Assets/TMI - Kitchen/Prefabs/kitchen_stand.prefab using Guid(c5e78a669f7936946aa19bff98e30dd5) Importer(815301076,1909f56bfc062723c751e8b465ee728b)  -> (artifact id: '83cad242bce6f312083c32eb5ab90a2c') in 0.058956 seconds 
========================================================================
Received Import Request.
  Time since last request: 0.000067 seconds.
  path: Assets/Import Assets/TMI - Kitchen/Prefabs/spoon.prefab
  artifactKey: Guid(e21ba10a917cbd8408e9de68eedca0f6) Importer(815301076,1909f56bfc062723c751e8b465ee728b)
Start importing Assets/Import Assets/TMI - Kitchen/Prefabs/spoon.prefab using Guid(e21ba10a917cbd8408e9de68eedca0f6) Importer(815301076,1909f56bfc062723c751e8b465ee728b)  -> (artifact id: '00c81324a19cf8acbb82566fb3f54b4c') in 0.038060 seconds 
========================================================================
Received Import Request.
  Time since last request: 0.000040 seconds.
  path: Assets/Import Assets/TMI - Kitchen/Prefabs/fork.prefab
  artifactKey: Guid(6c08bef81217be64eb62cec6f5102481) Importer(815301076,1909f56bfc062723c751e8b465ee728b)
Start importing Assets/Import Assets/TMI - Kitchen/Prefabs/fork.prefab using Guid(6c08bef81217be64eb62cec6f5102481) Importer(815301076,1909f56bfc062723c751e8b465ee728b)  -> (artifact id: '287a3b8a22ed608bce0ee4f95288eac9') in 0.045667 seconds 
========================================================================
Received Import Request.
  Time since last request: 0.000046 seconds.
  path: Assets/Import Assets/TMI - Kitchen/Prefabs/glass.prefab
  artifactKey: Guid(0de511cece82d5942ab0593f3caee151) Importer(815301076,1909f56bfc062723c751e8b465ee728b)
Start importing Assets/Import Assets/TMI - Kitchen/Prefabs/glass.prefab using Guid(0de511cece82d5942ab0593f3caee151) Importer(815301076,1909f56bfc062723c751e8b465ee728b)  -> (artifact id: '283bf94d0e8e6b78643abbe40207dff8') in 0.047916 seconds 
========================================================================
Received Import Request.
  Time since last request: 0.000046 seconds.
  path: Assets/Import Assets/TMI - Kitchen/Prefabs/oven_1.prefab
  artifactKey: Guid(bed55bbccd34dd845b9319da2a4e27d0) Importer(815301076,1909f56bfc062723c751e8b465ee728b)
Start importing Assets/Import Assets/TMI - Kitchen/Prefabs/oven_1.prefab using Guid(bed55bbccd34dd845b9319da2a4e27d0) Importer(815301076,1909f56bfc062723c751e8b465ee728b)  -> (artifact id: '12bd257c885477ce105486e90cc9be16') in 0.039798 seconds 
Editor requested this worker to shutdown with reason: Scaling down because of idle timeout
AssetImportWorker is now disconnected from the server
Process exiting
Exiting without the bug reporter. Application will terminate with return code 0