Using pre-set license
Built from '2021.3/staging' branch; Version is '2021.3.1f1 (3b70a0754835) revision 3895456'; Using compiler version '192829333'; Build Type 'Release'
OS: 'Windows 10  (10.0.19044) 64bit Professional' Language: 'es' Physical Memory: 6077 MB
BatchMode: 1, IsHumanControllingUs: 0, StartBugReporterOnCrash: 0, Is64bit: 1, IsPro: 1

COMMAND LINE ARGUMENTS:
C:\Program Files\Unity\Hub\Editor\Unity 2021.3.1f1\Editor\Unity.exe
-adb2
-batchMode
-noUpm
-name
AssetImportWorker2
-projectPath
C:/Users/PC 04/Desktop/FoodRush
-logFile
Logs/AssetImportWorker2.log
-srvPort
57397
Successfully changed project path to: C:/Users/PC 04/Desktop/FoodRush
C:/Users/PC 04/Desktop/FoodRush
[UnityMemory] Configuration Parameters - Can be set up in boot.config
    "memorysetup-bucket-allocator-granularity=16"
    "memorysetup-bucket-allocator-bucket-count=8"
    "memorysetup-bucket-allocator-block-size=33554432"
    "memorysetup-bucket-allocator-block-count=8"
    "memorysetup-main-allocator-block-size=16777216"
    "memorysetup-thread-allocator-block-size=16777216"
    "memorysetup-gfx-main-allocator-block-size=16777216"
    "memorysetup-gfx-thread-allocator-block-size=16777216"
    "memorysetup-cache-allocator-block-size=4194304"
    "memorysetup-typetree-allocator-block-size=2097152"
    "memorysetup-profiler-bucket-allocator-granularity=16"
    "memorysetup-profiler-bucket-allocator-bucket-count=8"
    "memorysetup-profiler-bucket-allocator-block-size=33554432"
    "memorysetup-profiler-bucket-allocator-block-count=8"
    "memorysetup-profiler-allocator-block-size=16777216"
    "memorysetup-profiler-editor-allocator-block-size=1048576"
    "memorysetup-temp-allocator-size-main=16777216"
    "memorysetup-job-temp-allocator-block-size=2097152"
    "memorysetup-job-temp-allocator-block-size-background=1048576"
    "memorysetup-job-temp-allocator-reduction-small-platforms=262144"
    "memorysetup-temp-allocator-size-background-worker=32768"
    "memorysetup-temp-allocator-size-job-worker=262144"
    "memorysetup-temp-allocator-size-preload-manager=33554432"
    "memorysetup-temp-allocator-size-nav-mesh-worker=65536"
    "memorysetup-temp-allocator-size-audio-worker=65536"
    "memorysetup-temp-allocator-size-cloud-worker=32768"
    "memorysetup-temp-allocator-size-gi-baking-worker=262144"
    "memorysetup-temp-allocator-size-gfx=262144"
Refreshing native plugins compatible for Editor in 162.71 ms, found 3 plugins.
Preloading 0 native plugins for Editor in 0.00 ms.
Initialize engine version: 2021.3.1f1 (3b70a0754835)
[Subsystems] Discovering subsystems at path C:/Program Files/Unity/Hub/Editor/Unity 2021.3.1f1/Editor/Data/Resources/UnitySubsystems
[Subsystems] Discovering subsystems at path C:/Users/PC 04/Desktop/FoodRush/Assets
GfxDevice: creating device client; threaded=0; jobified=0
Direct3D:
    Version:  Direct3D 11.0 [level 11.1]
    Renderer: AMD Radeon(TM) RX Vega 11 Graphics (ID=0x15d8)
    Vendor:   ATI
    VRAM:     3038 MB
    Driver:   30.0.13014.8
Initialize mono
Mono path[0] = 'C:/Program Files/Unity/Hub/Editor/Unity 2021.3.1f1/Editor/Data/Managed'
Mono path[1] = 'C:/Program Files/Unity/Hub/Editor/Unity 2021.3.1f1/Editor/Data/MonoBleedingEdge/lib/mono/unityjit-win32'
Mono config path = 'C:/Program Files/Unity/Hub/Editor/Unity 2021.3.1f1/Editor/Data/MonoBleedingEdge/etc'
Using monoOptions --debugger-agent=transport=dt_socket,embedding=1,server=y,suspend=n,address=127.0.0.1:56608
Begin MonoManager ReloadAssembly
Registering precompiled unity dll's ...
Register platform support module: C:/Program Files/Unity/Hub/Editor/Unity 2021.3.1f1/Editor/Data/PlaybackEngines/WindowsStandaloneSupport/UnityEditor.WindowsStandalone.Extensions.dll
Registered in 0.014957 seconds.
Native extension for WindowsStandalone target not found
Refreshing native plugins compatible for Editor in 94.13 ms, found 3 plugins.
Preloading 0 native plugins for Editor in 0.00 ms.
Mono: successfully reloaded assembly
- Completed reload, in  0.999 seconds
Domain Reload Profiling:
	ReloadAssembly (1000ms)
		BeginReloadAssembly (218ms)
			ExecutionOrderSort (0ms)
			DisableScriptedObjects (0ms)
			BackupInstance (0ms)
			ReleaseScriptingObjects (0ms)
			CreateAndSetChildDomain (2ms)
		EndReloadAssembly (619ms)
			LoadAssemblies (210ms)
			RebuildTransferFunctionScriptingTraits (0ms)
			SetupTypeCache (138ms)
			ReleaseScriptCaches (0ms)
			RebuildScriptCaches (39ms)
			SetupLoadedEditorAssemblies (371ms)
				LogAssemblyErrors (0ms)
				InitializePlatformSupportModulesInManaged (11ms)
				SetLoadedEditorAssemblies (0ms)
				RefreshPlugins (94ms)
				BeforeProcessingInitializeOnLoad (2ms)
				ProcessInitializeOnLoadAttributes (184ms)
				ProcessInitializeOnLoadMethodAttributes (79ms)
				AfterProcessingInitializeOnLoad (0ms)
				EditorAssembliesLoaded (0ms)
			ExecutionOrderSort2 (0ms)
			AwakeInstancesAfterBackupRestoration (0ms)
Platform modules already initialized, skipping
Registering precompiled user dll's ...
Registered in 0.020134 seconds.
Begin MonoManager ReloadAssembly
Symbol file LoadedFromMemory doesn't match image C:\Users\PC 04\Desktop\FoodRush\Library\PackageCache\com.unity.visualscripting@1.7.6\Editor\VisualScripting.Core\Dependencies\YamlDotNet\Unity.VisualScripting.YamlDotNet.dll
Symbol file LoadedFromMemory is not a mono symbol file
Symbol file LoadedFromMemory doesn't match image C:\Users\PC 04\Desktop\FoodRush\Library\PackageCache\com.unity.visualscripting@1.7.6\Editor\VisualScripting.Core\Dependencies\DotNetZip\Unity.VisualScripting.IonicZip.dll
Native extension for WindowsStandalone target not found
Refreshing native plugins compatible for Editor in 0.91 ms, found 3 plugins.
Preloading 0 native plugins for Editor in 0.00 ms.
Mono: successfully reloaded assembly
- Completed reload, in  1.511 seconds
Domain Reload Profiling:
	ReloadAssembly (1512ms)
		BeginReloadAssembly (176ms)
			ExecutionOrderSort (0ms)
			DisableScriptedObjects (7ms)
			BackupInstance (0ms)
			ReleaseScriptingObjects (0ms)
			CreateAndSetChildDomain (25ms)
		EndReloadAssembly (1181ms)
			LoadAssemblies (258ms)
			RebuildTransferFunctionScriptingTraits (0ms)
			SetupTypeCache (330ms)
			ReleaseScriptCaches (1ms)
			RebuildScriptCaches (69ms)
			SetupLoadedEditorAssemblies (489ms)
				LogAssemblyErrors (0ms)
				InitializePlatformSupportModulesInManaged (8ms)
				SetLoadedEditorAssemblies (1ms)
				RefreshPlugins (1ms)
				BeforeProcessingInitializeOnLoad (110ms)
				ProcessInitializeOnLoadAttributes (284ms)
				ProcessInitializeOnLoadMethodAttributes (62ms)
				AfterProcessingInitializeOnLoad (23ms)
				EditorAssembliesLoaded (0ms)
			ExecutionOrderSort2 (0ms)
			AwakeInstancesAfterBackupRestoration (11ms)
Platform modules already initialized, skipping
========================================================================
Worker process is ready to serve import requests
Launched and connected shader compiler UnityShaderCompiler.exe after 0.14 seconds
Refreshing native plugins compatible for Editor in 0.91 ms, found 3 plugins.
Preloading 0 native plugins for Editor in 0.00 ms.
Unloading 3225 Unused Serialized files (Serialized files now loaded: 0)
Unloading 23 unused Assets / (112.4 KB). Loaded Objects now: 3687.
Memory consumption went from 112.8 MB to 112.6 MB.
Total: 4.372900 ms (FindLiveObjects: 0.480900 ms CreateObjectMapping: 0.154300 ms MarkObjects: 3.609900 ms  DeleteObjects: 0.125600 ms)

AssetImportParameters requested are different than current active one (requested -> active):
  custom:video-decoder-ogg-theora: a1e56fd34408186e4bbccfd4996cb3dc -> 
  custom:container-muxer-webm: aa71ff27fc2769a1b78a27578f13a17b -> 
  custom:container-demuxer-webm: 4f35f7cbe854078d1ac9338744f61a02 -> 
  custom:video-encoder-webm-vp8: eb34c28f22e8b96e1ab97ce403110664 -> 
  custom:audio-encoder-webm-vorbis: bf7c407c2cedff20999df2af8eb42d56 -> 
  custom:framework-win-MediaFoundation: 216162199b28c13a410421893ffa2e32 -> 
  custom:container-demuxer-ogg: 62fdf1f143b41e24485cea50d1cbac27 -> 
  custom:video-decoder-webm-vp8: 9c59270c3fd7afecdb556c50c9e8de78 -> 
  custom:audio-decoder-ogg-vorbis: bf7c407c2cedff20999df2af8eb42d56 -> 
========================================================================
Received Prepare
Registering precompiled user dll's ...
Registered in 0.007363 seconds.
Begin MonoManager ReloadAssembly
Symbol file LoadedFromMemory doesn't match image C:\Users\PC 04\Desktop\FoodRush\Library\PackageCache\com.unity.visualscripting@1.7.6\Editor\VisualScripting.Core\Dependencies\YamlDotNet\Unity.VisualScripting.YamlDotNet.dll
Symbol file LoadedFromMemory is not a mono symbol file
Symbol file LoadedFromMemory doesn't match image C:\Users\PC 04\Desktop\FoodRush\Library\PackageCache\com.unity.visualscripting@1.7.6\Editor\VisualScripting.Core\Dependencies\DotNetZip\Unity.VisualScripting.IonicZip.dll
Native extension for WindowsStandalone target not found
Refreshing native plugins compatible for Editor in 0.87 ms, found 3 plugins.
Preloading 0 native plugins for Editor in 0.00 ms.
Mono: successfully reloaded assembly
- Completed reload, in  1.519 seconds
Domain Reload Profiling:
	ReloadAssembly (1520ms)
		BeginReloadAssembly (293ms)
			ExecutionOrderSort (0ms)
			DisableScriptedObjects (10ms)
			BackupInstance (0ms)
			ReleaseScriptingObjects (0ms)
			CreateAndSetChildDomain (67ms)
		EndReloadAssembly (1061ms)
			LoadAssemblies (199ms)
			RebuildTransferFunctionScriptingTraits (0ms)
			SetupTypeCache (302ms)
			ReleaseScriptCaches (2ms)
			RebuildScriptCaches (62ms)
			SetupLoadedEditorAssemblies (516ms)
				LogAssemblyErrors (0ms)
				InitializePlatformSupportModulesInManaged (23ms)
				SetLoadedEditorAssemblies (1ms)
				RefreshPlugins (1ms)
				BeforeProcessingInitializeOnLoad (96ms)
				ProcessInitializeOnLoadAttributes (354ms)
				ProcessInitializeOnLoadMethodAttributes (30ms)
				AfterProcessingInitializeOnLoad (11ms)
				EditorAssembliesLoaded (0ms)
			ExecutionOrderSort2 (0ms)
			AwakeInstancesAfterBackupRestoration (10ms)
Platform modules already initialized, skipping
Refreshing native plugins compatible for Editor in 2.58 ms, found 3 plugins.
Preloading 0 native plugins for Editor in 0.00 ms.
Unloading 3220 Unused Serialized files (Serialized files now loaded: 0)
Unloading 16 unused Assets / (79.3 KB). Loaded Objects now: 3690.
Memory consumption went from 112.7 MB to 112.7 MB.
Total: 4.019500 ms (FindLiveObjects: 0.320100 ms CreateObjectMapping: 0.092600 ms MarkObjects: 3.466200 ms  DeleteObjects: 0.138800 ms)

AssetImportParameters requested are different than current active one (requested -> active):
  custom:video-decoder-ogg-theora: a1e56fd34408186e4bbccfd4996cb3dc -> 
  custom:container-muxer-webm: aa71ff27fc2769a1b78a27578f13a17b -> 
  custom:container-demuxer-webm: 4f35f7cbe854078d1ac9338744f61a02 -> 
  custom:video-encoder-webm-vp8: eb34c28f22e8b96e1ab97ce403110664 -> 
  custom:audio-encoder-webm-vorbis: bf7c407c2cedff20999df2af8eb42d56 -> 
  custom:framework-win-MediaFoundation: 216162199b28c13a410421893ffa2e32 -> 
  custom:container-demuxer-ogg: 62fdf1f143b41e24485cea50d1cbac27 -> 
  custom:video-decoder-webm-vp8: 9c59270c3fd7afecdb556c50c9e8de78 -> 
  custom:audio-decoder-ogg-vorbis: bf7c407c2cedff20999df2af8eb42d56 -> 
========================================================================
Received Prepare
Registering precompiled user dll's ...
Registered in 0.006704 seconds.
Begin MonoManager ReloadAssembly
Symbol file LoadedFromMemory doesn't match image C:\Users\PC 04\Desktop\FoodRush\Library\PackageCache\com.unity.visualscripting@1.7.6\Editor\VisualScripting.Core\Dependencies\YamlDotNet\Unity.VisualScripting.YamlDotNet.dll
Symbol file LoadedFromMemory is not a mono symbol file
Symbol file LoadedFromMemory doesn't match image C:\Users\PC 04\Desktop\FoodRush\Library\PackageCache\com.unity.visualscripting@1.7.6\Editor\VisualScripting.Core\Dependencies\DotNetZip\Unity.VisualScripting.IonicZip.dll
Native extension for WindowsStandalone target not found
Refreshing native plugins compatible for Editor in 1.08 ms, found 3 plugins.
Preloading 0 native plugins for Editor in 0.00 ms.
Mono: successfully reloaded assembly
- Completed reload, in  1.587 seconds
Domain Reload Profiling:
	ReloadAssembly (1588ms)
		BeginReloadAssembly (191ms)
			ExecutionOrderSort (0ms)
			DisableScriptedObjects (9ms)
			BackupInstance (0ms)
			ReleaseScriptingObjects (0ms)
			CreateAndSetChildDomain (45ms)
		EndReloadAssembly (1249ms)
			LoadAssemblies (160ms)
			RebuildTransferFunctionScriptingTraits (0ms)
			SetupTypeCache (418ms)
			ReleaseScriptCaches (2ms)
			RebuildScriptCaches (74ms)
			SetupLoadedEditorAssemblies (517ms)
				LogAssemblyErrors (0ms)
				InitializePlatformSupportModulesInManaged (24ms)
				SetLoadedEditorAssemblies (1ms)
				RefreshPlugins (1ms)
				BeforeProcessingInitializeOnLoad (105ms)
				ProcessInitializeOnLoadAttributes (333ms)
				ProcessInitializeOnLoadMethodAttributes (39ms)
				AfterProcessingInitializeOnLoad (13ms)
				EditorAssembliesLoaded (0ms)
			ExecutionOrderSort2 (0ms)
			AwakeInstancesAfterBackupRestoration (11ms)
Platform modules already initialized, skipping
Refreshing native plugins compatible for Editor in 2.47 ms, found 3 plugins.
Preloading 0 native plugins for Editor in 0.00 ms.
Unloading 3220 Unused Serialized files (Serialized files now loaded: 0)
Unloading 16 unused Assets / (79.3 KB). Loaded Objects now: 3693.
Memory consumption went from 112.7 MB to 112.7 MB.
Total: 3.635100 ms (FindLiveObjects: 0.333500 ms CreateObjectMapping: 0.086700 ms MarkObjects: 3.092300 ms  DeleteObjects: 0.120700 ms)

AssetImportParameters requested are different than current active one (requested -> active):
  custom:video-decoder-ogg-theora: a1e56fd34408186e4bbccfd4996cb3dc -> 
  custom:container-muxer-webm: aa71ff27fc2769a1b78a27578f13a17b -> 
  custom:container-demuxer-webm: 4f35f7cbe854078d1ac9338744f61a02 -> 
  custom:video-encoder-webm-vp8: eb34c28f22e8b96e1ab97ce403110664 -> 
  custom:audio-encoder-webm-vorbis: bf7c407c2cedff20999df2af8eb42d56 -> 
  custom:framework-win-MediaFoundation: 216162199b28c13a410421893ffa2e32 -> 
  custom:container-demuxer-ogg: 62fdf1f143b41e24485cea50d1cbac27 -> 
  custom:video-decoder-webm-vp8: 9c59270c3fd7afecdb556c50c9e8de78 -> 
  custom:audio-decoder-ogg-vorbis: bf7c407c2cedff20999df2af8eb42d56 -> 
========================================================================
Received Import Request.
  Time since last request: 1134806.854437 seconds.
  path: Assets/Import Assets/TMI - Kitchen/Animators/F_Open.anim
  artifactKey: Guid(3dbcec1cf1ccdf74d9196fddbf0ff9c2) Importer(815301076,1909f56bfc062723c751e8b465ee728b)
Start importing Assets/Import Assets/TMI - Kitchen/Animators/F_Open.anim using Guid(3dbcec1cf1ccdf74d9196fddbf0ff9c2) Importer(815301076,1909f56bfc062723c751e8b465ee728b)  -> (artifact id: 'b53041011398c79c2c43be3b2d339f9f') in 0.062041 seconds 
========================================================================
Received Import Request.
  Time since last request: 0.842418 seconds.
  path: Assets/Import Assets/TMI - Kitchen/Animators/F_Close.anim
  artifactKey: Guid(035a94ff45b39a7458e8c9017a7a2516) Importer(815301076,1909f56bfc062723c751e8b465ee728b)
Start importing Assets/Import Assets/TMI - Kitchen/Animators/F_Close.anim using Guid(035a94ff45b39a7458e8c9017a7a2516) Importer(815301076,1909f56bfc062723c751e8b465ee728b)  -> (artifact id: '86f8e1eff86b1037a5e802d28b95ab3b') in 0.011215 seconds 
========================================================================
Received Import Request.
  Time since last request: 17.878869 seconds.
  path: Assets/Import Assets/TMI - Kitchen/Animations/Fridge.controller
  artifactKey: Guid(8f1929592422ebb49b7574de68d095db) Importer(815301076,1909f56bfc062723c751e8b465ee728b)
Start importing Assets/Import Assets/TMI - Kitchen/Animations/Fridge.controller using Guid(8f1929592422ebb49b7574de68d095db) Importer(815301076,1909f56bfc062723c751e8b465ee728b)  -> (artifact id: '6c0cb5797a073a90ef2915ef3d4ac3a7') in 0.016625 seconds 
========================================================================
Received Prepare
Registering precompiled user dll's ...
Registered in 0.005351 seconds.
Begin MonoManager ReloadAssembly
Symbol file LoadedFromMemory doesn't match image C:\Users\PC 04\Desktop\FoodRush\Library\PackageCache\com.unity.visualscripting@1.7.6\Editor\VisualScripting.Core\Dependencies\YamlDotNet\Unity.VisualScripting.YamlDotNet.dll
Symbol file LoadedFromMemory is not a mono symbol file
Symbol file LoadedFromMemory doesn't match image C:\Users\PC 04\Desktop\FoodRush\Library\PackageCache\com.unity.visualscripting@1.7.6\Editor\VisualScripting.Core\Dependencies\DotNetZip\Unity.VisualScripting.IonicZip.dll
Native extension for WindowsStandalone target not found
Refreshing native plugins compatible for Editor in 1.13 ms, found 3 plugins.
Preloading 0 native plugins for Editor in 0.00 ms.
Mono: successfully reloaded assembly
- Completed reload, in  1.501 seconds
Domain Reload Profiling:
	ReloadAssembly (1502ms)
		BeginReloadAssembly (172ms)
			ExecutionOrderSort (0ms)
			DisableScriptedObjects (9ms)
			BackupInstance (0ms)
			ReleaseScriptingObjects (0ms)
			CreateAndSetChildDomain (40ms)
		EndReloadAssembly (1206ms)
			LoadAssemblies (121ms)
			RebuildTransferFunctionScriptingTraits (0ms)
			SetupTypeCache (389ms)
			ReleaseScriptCaches (4ms)
			RebuildScriptCaches (79ms)
			SetupLoadedEditorAssemblies (529ms)
				LogAssemblyErrors (0ms)
				InitializePlatformSupportModulesInManaged (22ms)
				SetLoadedEditorAssemblies (1ms)
				RefreshPlugins (1ms)
				BeforeProcessingInitializeOnLoad (103ms)
				ProcessInitializeOnLoadAttributes (346ms)
				ProcessInitializeOnLoadMethodAttributes (41ms)
				AfterProcessingInitializeOnLoad (14ms)
				EditorAssembliesLoaded (0ms)
			ExecutionOrderSort2 (0ms)
			AwakeInstancesAfterBackupRestoration (12ms)
Platform modules already initialized, skipping
Refreshing native plugins compatible for Editor in 3.23 ms, found 3 plugins.
Preloading 0 native plugins for Editor in 0.00 ms.
Unloading 3220 Unused Serialized files (Serialized files now loaded: 0)
Unloading 16 unused Assets / (79.4 KB). Loaded Objects now: 3696.
Memory consumption went from 112.8 MB to 112.7 MB.
Total: 5.220400 ms (FindLiveObjects: 0.409800 ms CreateObjectMapping: 0.253800 ms MarkObjects: 4.303000 ms  DeleteObjects: 0.250800 ms)

AssetImportParameters requested are different than current active one (requested -> active):
  custom:video-decoder-ogg-theora: a1e56fd34408186e4bbccfd4996cb3dc -> 
  custom:container-muxer-webm: aa71ff27fc2769a1b78a27578f13a17b -> 
  custom:container-demuxer-webm: 4f35f7cbe854078d1ac9338744f61a02 -> 
  custom:video-encoder-webm-vp8: eb34c28f22e8b96e1ab97ce403110664 -> 
  custom:audio-encoder-webm-vorbis: bf7c407c2cedff20999df2af8eb42d56 -> 
  custom:framework-win-MediaFoundation: 216162199b28c13a410421893ffa2e32 -> 
  custom:container-demuxer-ogg: 62fdf1f143b41e24485cea50d1cbac27 -> 
  custom:video-decoder-webm-vp8: 9c59270c3fd7afecdb556c50c9e8de78 -> 
  custom:audio-decoder-ogg-vorbis: bf7c407c2cedff20999df2af8eb42d56 -> 
========================================================================
Received Prepare
Registering precompiled user dll's ...
Registered in 0.006623 seconds.
Begin MonoManager ReloadAssembly
Symbol file LoadedFromMemory doesn't match image C:\Users\PC 04\Desktop\FoodRush\Library\PackageCache\com.unity.visualscripting@1.7.6\Editor\VisualScripting.Core\Dependencies\YamlDotNet\Unity.VisualScripting.YamlDotNet.dll
Symbol file LoadedFromMemory is not a mono symbol file
Symbol file LoadedFromMemory doesn't match image C:\Users\PC 04\Desktop\FoodRush\Library\PackageCache\com.unity.visualscripting@1.7.6\Editor\VisualScripting.Core\Dependencies\DotNetZip\Unity.VisualScripting.IonicZip.dll
Native extension for WindowsStandalone target not found
Refreshing native plugins compatible for Editor in 1.24 ms, found 3 plugins.
Preloading 0 native plugins for Editor in 0.00 ms.
Mono: successfully reloaded assembly
- Completed reload, in  1.491 seconds
Domain Reload Profiling:
	ReloadAssembly (1492ms)
		BeginReloadAssembly (196ms)
			ExecutionOrderSort (0ms)
			DisableScriptedObjects (9ms)
			BackupInstance (0ms)
			ReleaseScriptingObjects (0ms)
			CreateAndSetChildDomain (57ms)
		EndReloadAssembly (1164ms)
			LoadAssemblies (126ms)
			RebuildTransferFunctionScriptingTraits (0ms)
			SetupTypeCache (339ms)
			ReleaseScriptCaches (2ms)
			RebuildScriptCaches (79ms)
			SetupLoadedEditorAssemblies (533ms)
				LogAssemblyErrors (0ms)
				InitializePlatformSupportModulesInManaged (23ms)
				SetLoadedEditorAssemblies (1ms)
				RefreshPlugins (1ms)
				BeforeProcessingInitializeOnLoad (111ms)
				ProcessInitializeOnLoadAttributes (335ms)
				ProcessInitializeOnLoadMethodAttributes (47ms)
				AfterProcessingInitializeOnLoad (14ms)
				EditorAssembliesLoaded (0ms)
			ExecutionOrderSort2 (0ms)
			AwakeInstancesAfterBackupRestoration (10ms)
Platform modules already initialized, skipping
Refreshing native plugins compatible for Editor in 3.45 ms, found 3 plugins.
Preloading 0 native plugins for Editor in 0.00 ms.
Unloading 3220 Unused Serialized files (Serialized files now loaded: 0)
Unloading 16 unused Assets / (79.4 KB). Loaded Objects now: 3699.
Memory consumption went from 112.8 MB to 112.7 MB.
Total: 4.645700 ms (FindLiveObjects: 0.366100 ms CreateObjectMapping: 0.236400 ms MarkObjects: 3.921500 ms  DeleteObjects: 0.119700 ms)

AssetImportParameters requested are different than current active one (requested -> active):
  custom:video-decoder-ogg-theora: a1e56fd34408186e4bbccfd4996cb3dc -> 
  custom:container-muxer-webm: aa71ff27fc2769a1b78a27578f13a17b -> 
  custom:container-demuxer-webm: 4f35f7cbe854078d1ac9338744f61a02 -> 
  custom:video-encoder-webm-vp8: eb34c28f22e8b96e1ab97ce403110664 -> 
  custom:audio-encoder-webm-vorbis: bf7c407c2cedff20999df2af8eb42d56 -> 
  custom:framework-win-MediaFoundation: 216162199b28c13a410421893ffa2e32 -> 
  custom:container-demuxer-ogg: 62fdf1f143b41e24485cea50d1cbac27 -> 
  custom:video-decoder-webm-vp8: 9c59270c3fd7afecdb556c50c9e8de78 -> 
  custom:audio-decoder-ogg-vorbis: bf7c407c2cedff20999df2af8eb42d56 -> 
========================================================================
Received Prepare
Registering precompiled user dll's ...
Registered in 0.006179 seconds.
Begin MonoManager ReloadAssembly
Symbol file LoadedFromMemory doesn't match image C:\Users\PC 04\Desktop\FoodRush\Library\PackageCache\com.unity.visualscripting@1.7.6\Editor\VisualScripting.Core\Dependencies\YamlDotNet\Unity.VisualScripting.YamlDotNet.dll
Symbol file LoadedFromMemory is not a mono symbol file
Symbol file LoadedFromMemory doesn't match image C:\Users\PC 04\Desktop\FoodRush\Library\PackageCache\com.unity.visualscripting@1.7.6\Editor\VisualScripting.Core\Dependencies\DotNetZip\Unity.VisualScripting.IonicZip.dll
Native extension for WindowsStandalone target not found
Refreshing native plugins compatible for Editor in 2.66 ms, found 3 plugins.
Preloading 0 native plugins for Editor in 0.00 ms.
Mono: successfully reloaded assembly
- Completed reload, in  1.699 seconds
Domain Reload Profiling:
	ReloadAssembly (1700ms)
		BeginReloadAssembly (180ms)
			ExecutionOrderSort (0ms)
			DisableScriptedObjects (10ms)
			BackupInstance (0ms)
			ReleaseScriptingObjects (0ms)
			CreateAndSetChildDomain (44ms)
		EndReloadAssembly (1395ms)
			LoadAssemblies (134ms)
			RebuildTransferFunctionScriptingTraits (0ms)
			SetupTypeCache (448ms)
			ReleaseScriptCaches (3ms)
			RebuildScriptCaches (98ms)
			SetupLoadedEditorAssemblies (571ms)
				LogAssemblyErrors (0ms)
				InitializePlatformSupportModulesInManaged (32ms)
				SetLoadedEditorAssemblies (1ms)
				RefreshPlugins (3ms)
				BeforeProcessingInitializeOnLoad (136ms)
				ProcessInitializeOnLoadAttributes (342ms)
				ProcessInitializeOnLoadMethodAttributes (42ms)
				AfterProcessingInitializeOnLoad (14ms)
				EditorAssembliesLoaded (1ms)
			ExecutionOrderSort2 (0ms)
			AwakeInstancesAfterBackupRestoration (11ms)
Platform modules already initialized, skipping
Refreshing native plugins compatible for Editor in 2.94 ms, found 3 plugins.
Preloading 0 native plugins for Editor in 0.00 ms.
Unloading 3220 Unused Serialized files (Serialized files now loaded: 0)
Unloading 16 unused Assets / (79.4 KB). Loaded Objects now: 3702.
Memory consumption went from 112.8 MB to 112.7 MB.
Total: 5.070100 ms (FindLiveObjects: 0.598400 ms CreateObjectMapping: 0.126600 ms MarkObjects: 4.213700 ms  DeleteObjects: 0.127200 ms)

AssetImportParameters requested are different than current active one (requested -> active):
  custom:video-decoder-ogg-theora: a1e56fd34408186e4bbccfd4996cb3dc -> 
  custom:container-muxer-webm: aa71ff27fc2769a1b78a27578f13a17b -> 
  custom:container-demuxer-webm: 4f35f7cbe854078d1ac9338744f61a02 -> 
  custom:video-encoder-webm-vp8: eb34c28f22e8b96e1ab97ce403110664 -> 
  custom:audio-encoder-webm-vorbis: bf7c407c2cedff20999df2af8eb42d56 -> 
  custom:framework-win-MediaFoundation: 216162199b28c13a410421893ffa2e32 -> 
  custom:container-demuxer-ogg: 62fdf1f143b41e24485cea50d1cbac27 -> 
  custom:video-decoder-webm-vp8: 9c59270c3fd7afecdb556c50c9e8de78 -> 
  custom:audio-decoder-ogg-vorbis: bf7c407c2cedff20999df2af8eb42d56 -> 
========================================================================
Received Import Request.
  Time since last request: 300.846501 seconds.
  path: Assets/Import Assets/TMI - Kitchen/Materials/chair.mat
  artifactKey: Guid(3e4d7427d7a88294cb0c94d082e2d2af) Importer(815301076,1909f56bfc062723c751e8b465ee728b)
Start importing Assets/Import Assets/TMI - Kitchen/Materials/chair.mat using Guid(3e4d7427d7a88294cb0c94d082e2d2af) Importer(815301076,1909f56bfc062723c751e8b465ee728b)  -> (artifact id: '0d49163c010e56b9db4c55ab91fab451') in 0.343639 seconds 
========================================================================
Received Import Request.
  Time since last request: 0.000127 seconds.
  path: Assets/Import Assets/TMI - Kitchen/Materials/wooden spoon.mat
  artifactKey: Guid(6fe40bd833edb114da634d0a63b5eb69) Importer(815301076,1909f56bfc062723c751e8b465ee728b)
Start importing Assets/Import Assets/TMI - Kitchen/Materials/wooden spoon.mat using Guid(6fe40bd833edb114da634d0a63b5eb69) Importer(815301076,1909f56bfc062723c751e8b465ee728b)  -> (artifact id: '60de7e417152e0304a7f4d5723d0519b') in 0.039873 seconds 
========================================================================
Received Import Request.
  Time since last request: 0.000039 seconds.
  path: Assets/Import Assets/TMI - Kitchen/Materials/microwave door.mat
  artifactKey: Guid(0f0efd26481f4d64ba787c94cca13d4d) Importer(815301076,1909f56bfc062723c751e8b465ee728b)
Start importing Assets/Import Assets/TMI - Kitchen/Materials/microwave door.mat using Guid(0f0efd26481f4d64ba787c94cca13d4d) Importer(815301076,1909f56bfc062723c751e8b465ee728b)  -> (artifact id: '520b80df2d52b3db2039569794eab0d7') in 0.031881 seconds 
========================================================================
Received Import Request.
  Time since last request: 0.000047 seconds.
  path: Assets/Import Assets/TMI - Kitchen/Materials/wine cup.mat
  artifactKey: Guid(a5b2fbe93efe7e74f90c1d4e0443c6e5) Importer(815301076,1909f56bfc062723c751e8b465ee728b)
Start importing Assets/Import Assets/TMI - Kitchen/Materials/wine cup.mat using Guid(a5b2fbe93efe7e74f90c1d4e0443c6e5) Importer(815301076,1909f56bfc062723c751e8b465ee728b)  -> (artifact id: 'ab9f1c43ac03161933807e317580be90') in 0.030201 seconds 
========================================================================
Received Import Request.
  Time since last request: 0.000087 seconds.
  path: Assets/Import Assets/TMI - Kitchen/Materials/kitchen_sink.mat
  artifactKey: Guid(e3609492276790a48a364180f11a93c7) Importer(815301076,1909f56bfc062723c751e8b465ee728b)
Start importing Assets/Import Assets/TMI - Kitchen/Materials/kitchen_sink.mat using Guid(e3609492276790a48a364180f11a93c7) Importer(815301076,1909f56bfc062723c751e8b465ee728b)  -> (artifact id: 'fdbde7610866e31a81f6a9bc679de504') in 0.028467 seconds 
========================================================================
Received Import Request.
  Time since last request: 0.000066 seconds.
  path: Assets/Import Assets/TMI - Kitchen/Materials/triangle napkin.mat
  artifactKey: Guid(e62149bd1cea04f40bc366fbe2d21855) Importer(815301076,1909f56bfc062723c751e8b465ee728b)
Start importing Assets/Import Assets/TMI - Kitchen/Materials/triangle napkin.mat using Guid(e62149bd1cea04f40bc366fbe2d21855) Importer(815301076,1909f56bfc062723c751e8b465ee728b)  -> (artifact id: 'ba30fadc33a9f7ddffeb4a95ea6c43e4') in 0.037132 seconds 
========================================================================
Received Import Request.
  Time since last request: 0.000029 seconds.
  path: Assets/Import Assets/TMI - Kitchen/Materials/kitchen_stand.mat
  artifactKey: Guid(5d105b56c3dc85945a0ccef23c4187e5) Importer(815301076,1909f56bfc062723c751e8b465ee728b)
Start importing Assets/Import Assets/TMI - Kitchen/Materials/kitchen_stand.mat using Guid(5d105b56c3dc85945a0ccef23c4187e5) Importer(815301076,1909f56bfc062723c751e8b465ee728b)  -> (artifact id: '4d8c937f4a31e60fa8f6ce7c87f90bf7') in 0.028886 seconds 
========================================================================
Received Import Request.
  Time since last request: 0.000032 seconds.
  path: Assets/Import Assets/TMI - Kitchen/Materials/glass.mat
  artifactKey: Guid(896d514f1c8c1734092415ca4470aa47) Importer(815301076,1909f56bfc062723c751e8b465ee728b)
Start importing Assets/Import Assets/TMI - Kitchen/Materials/glass.mat using Guid(896d514f1c8c1734092415ca4470aa47) Importer(815301076,1909f56bfc062723c751e8b465ee728b)  -> (artifact id: '421638d5b2017b738903fd5676918801') in 0.025361 seconds 
========================================================================
Received Import Request.
  Time since last request: 0.000068 seconds.
  path: Assets/Import Assets/TMI - Kitchen/Materials/kitchen_stand door 2.mat
  artifactKey: Guid(9cbb1f3e6956b3249bbe9be5aee832b8) Importer(815301076,1909f56bfc062723c751e8b465ee728b)
Start importing Assets/Import Assets/TMI - Kitchen/Materials/kitchen_stand door 2.mat using Guid(9cbb1f3e6956b3249bbe9be5aee832b8) Importer(815301076,1909f56bfc062723c751e8b465ee728b)  -> (artifact id: '4289421f237df0991c9311513c0d384b') in 0.029972 seconds 
========================================================================
Received Import Request.
  Time since last request: 0.000036 seconds.
  path: Assets/Import Assets/TMI - Kitchen/Materials/plate.mat
  artifactKey: Guid(a8bc6f9ef949b6f4e960a46cc1de32a7) Importer(815301076,1909f56bfc062723c751e8b465ee728b)
Start importing Assets/Import Assets/TMI - Kitchen/Materials/plate.mat using Guid(a8bc6f9ef949b6f4e960a46cc1de32a7) Importer(815301076,1909f56bfc062723c751e8b465ee728b)  -> (artifact id: '9299ab57115dae70e09031ba41f50ec4') in 0.033059 seconds 
========================================================================
Received Import Request.
  Time since last request: 0.000034 seconds.
  path: Assets/Import Assets/TMI - Kitchen/Materials/cooking pot.mat
  artifactKey: Guid(cd7481125ba8a8242ace03065324d6e7) Importer(815301076,1909f56bfc062723c751e8b465ee728b)
Start importing Assets/Import Assets/TMI - Kitchen/Materials/cooking pot.mat using Guid(cd7481125ba8a8242ace03065324d6e7) Importer(815301076,1909f56bfc062723c751e8b465ee728b)  -> (artifact id: 'e0d7488e398c9fbce8e1ef5b50e7c1dd') in 0.036301 seconds 
========================================================================
Received Import Request.
  Time since last request: 0.000046 seconds.
  path: Assets/Import Assets/TMI - Kitchen/Materials/kitchen_stand door.mat
  artifactKey: Guid(3bb46a18b653edc449b656979066a92a) Importer(815301076,1909f56bfc062723c751e8b465ee728b)
Start importing Assets/Import Assets/TMI - Kitchen/Materials/kitchen_stand door.mat using Guid(3bb46a18b653edc449b656979066a92a) Importer(815301076,1909f56bfc062723c751e8b465ee728b)  -> (artifact id: '6ed55dae51ebee4d8467f0acd34bbeaf') in 0.035698 seconds 
========================================================================
Received Import Request.
  Time since last request: 0.000063 seconds.
  path: Assets/Import Assets/TMI - Kitchen/Materials/waffle machine.mat
  artifactKey: Guid(deaa7276036750041a82364f26f99937) Importer(815301076,1909f56bfc062723c751e8b465ee728b)
Start importing Assets/Import Assets/TMI - Kitchen/Materials/waffle machine.mat using Guid(deaa7276036750041a82364f26f99937) Importer(815301076,1909f56bfc062723c751e8b465ee728b)  -> (artifact id: '62fdff52da397714d1be4719c1273852') in 0.036742 seconds 
========================================================================
Received Import Request.
  Time since last request: 0.000048 seconds.
  path: Assets/Import Assets/TMI - Kitchen/Materials/spoon.mat
  artifactKey: Guid(cb658028d87604a44b51755a62102253) Importer(815301076,1909f56bfc062723c751e8b465ee728b)
Start importing Assets/Import Assets/TMI - Kitchen/Materials/spoon.mat using Guid(cb658028d87604a44b51755a62102253) Importer(815301076,1909f56bfc062723c751e8b465ee728b)  -> (artifact id: '2b8eb3a77d1ea25b414d261836ade973') in 0.032538 seconds 
========================================================================
Received Import Request.
  Time since last request: 0.000049 seconds.
  path: Assets/Import Assets/TMI - Kitchen/Materials/microwave door 2.mat
  artifactKey: Guid(3fdc85282ca30b142bb25fecbb1f1bdc) Importer(815301076,1909f56bfc062723c751e8b465ee728b)
Start importing Assets/Import Assets/TMI - Kitchen/Materials/microwave door 2.mat using Guid(3fdc85282ca30b142bb25fecbb1f1bdc) Importer(815301076,1909f56bfc062723c751e8b465ee728b)  -> (artifact id: 'ae0b1375faf1cd64321bcf140b219699') in 0.035621 seconds 
========================================================================
Received Import Request.
  Time since last request: 0.000057 seconds.
  path: Assets/Import Assets/TMI - Kitchen/Materials/kitchen_stand 3.mat
  artifactKey: Guid(6ff4fe37fd378c443a889661346656cf) Importer(815301076,1909f56bfc062723c751e8b465ee728b)
Start importing Assets/Import Assets/TMI - Kitchen/Materials/kitchen_stand 3.mat using Guid(6ff4fe37fd378c443a889661346656cf) Importer(815301076,1909f56bfc062723c751e8b465ee728b)  -> (artifact id: '3110d9c45e33a6677a4f601184d321c8') in 0.032265 seconds 
========================================================================
Received Import Request.
  Time since last request: 1.537496 seconds.
  path: Assets/Import Assets/TMI - Kitchen/Models/chair.obj
  artifactKey: Guid(b6a1de460b9d70a419358503705d942d) Importer(815301076,1909f56bfc062723c751e8b465ee728b)
Start importing Assets/Import Assets/TMI - Kitchen/Models/chair.obj using Guid(b6a1de460b9d70a419358503705d942d) Importer(815301076,1909f56bfc062723c751e8b465ee728b)  -> (artifact id: 'b8801766750066bd3c53d433d6b470dd') in 0.186087 seconds 
========================================================================
Received Import Request.
  Time since last request: 0.000044 seconds.
  path: Assets/Import Assets/TMI - Kitchen/Models/fridge.png
  artifactKey: Guid(c846ee341e1538645b0f06bb9a533552) Importer(815301076,1909f56bfc062723c751e8b465ee728b)
Start importing Assets/Import Assets/TMI - Kitchen/Models/fridge.png using Guid(c846ee341e1538645b0f06bb9a533552) Importer(815301076,1909f56bfc062723c751e8b465ee728b)  -> (artifact id: 'ae8768573d84c36f370b7b4d7617d85f') in 0.043662 seconds 
========================================================================
Received Import Request.
  Time since last request: 0.000109 seconds.
  path: Assets/Import Assets/TMI - Kitchen/Models/kitchen_stand.obj
  artifactKey: Guid(405fe97d9177f054fbc378e49aaf8520) Importer(815301076,1909f56bfc062723c751e8b465ee728b)
Start importing Assets/Import Assets/TMI - Kitchen/Models/kitchen_stand.obj using Guid(405fe97d9177f054fbc378e49aaf8520) Importer(815301076,1909f56bfc062723c751e8b465ee728b)  -> (artifact id: 'eb5575a8fc3c125ca47c3ee24dc46d48') in 0.063644 seconds 
========================================================================
Received Import Request.
  Time since last request: 0.000030 seconds.
  path: Assets/Import Assets/TMI - Kitchen/Models/cooking pot 2.obj
  artifactKey: Guid(aa14a5ce723a25249a57d63d9f70fef6) Importer(815301076,1909f56bfc062723c751e8b465ee728b)
Start importing Assets/Import Assets/TMI - Kitchen/Models/cooking pot 2.obj using Guid(aa14a5ce723a25249a57d63d9f70fef6) Importer(815301076,1909f56bfc062723c751e8b465ee728b)  -> (artifact id: '824071e35e4edae1080d61dac575daad') in 0.066719 seconds 
========================================================================
Received Import Request.
  Time since last request: 0.000068 seconds.
  path: Assets/Import Assets/TMI - Kitchen/Models/champagne cup.png
  artifactKey: Guid(f665752b28222b346a81138fc4780819) Importer(815301076,1909f56bfc062723c751e8b465ee728b)
Start importing Assets/Import Assets/TMI - Kitchen/Models/champagne cup.png using Guid(f665752b28222b346a81138fc4780819) Importer(815301076,1909f56bfc062723c751e8b465ee728b)  -> (artifact id: '8fc0177344c1973d425a1273ca61177a') in 0.019089 seconds 
========================================================================
Received Import Request.
  Time since last request: 0.000042 seconds.
  path: Assets/Import Assets/TMI - Kitchen/Models/fridge.obj
  artifactKey: Guid(a837ba11164b29648ab69564de94fa1f) Importer(815301076,1909f56bfc062723c751e8b465ee728b)
Start importing Assets/Import Assets/TMI - Kitchen/Models/fridge.obj using Guid(a837ba11164b29648ab69564de94fa1f) Importer(815301076,1909f56bfc062723c751e8b465ee728b)  -> (artifact id: '9ad797723b4c0b4d187ec3485d8c2c7d') in 0.067506 seconds 
========================================================================
Received Import Request.
  Time since last request: 0.000043 seconds.
  path: Assets/Import Assets/TMI - Kitchen/Models/kitchen_sink.obj
  artifactKey: Guid(d3e6abd48d90d4e418d3d2ced9e0b6ba) Importer(815301076,1909f56bfc062723c751e8b465ee728b)
Start importing Assets/Import Assets/TMI - Kitchen/Models/kitchen_sink.obj using Guid(d3e6abd48d90d4e418d3d2ced9e0b6ba) Importer(815301076,1909f56bfc062723c751e8b465ee728b)  -> (artifact id: 'c1b67f0fd449b52b469a7541a760aa2e') in 0.076041 seconds 
========================================================================
Received Import Request.
  Time since last request: 0.000056 seconds.
  path: Assets/Import Assets/TMI - Kitchen/Models/cooking pot.obj
  artifactKey: Guid(19e8f6ae4592f114098b8b949511d596) Importer(815301076,1909f56bfc062723c751e8b465ee728b)
Start importing Assets/Import Assets/TMI - Kitchen/Models/cooking pot.obj using Guid(19e8f6ae4592f114098b8b949511d596) Importer(815301076,1909f56bfc062723c751e8b465ee728b)  -> (artifact id: '9cbc3147cf9cd4b0eeaac5e469845943') in 0.062698 seconds 
========================================================================
Received Import Request.
  Time since last request: 0.000063 seconds.
  path: Assets/Import Assets/TMI - Kitchen/Models/fridge_door.png
  artifactKey: Guid(54153ed103b921940ae4d03118c9bf18) Importer(815301076,1909f56bfc062723c751e8b465ee728b)
Start importing Assets/Import Assets/TMI - Kitchen/Models/fridge_door.png using Guid(54153ed103b921940ae4d03118c9bf18) Importer(815301076,1909f56bfc062723c751e8b465ee728b)  -> (artifact id: 'a55399dc7cf9cbf28ea8859b5bea43fe') in 0.019390 seconds 
========================================================================
Received Import Request.
  Time since last request: 0.000041 seconds.
  path: Assets/Import Assets/TMI - Kitchen/Models/kitchen_stand 3.png
  artifactKey: Guid(edfd34281f5d5a041a34a7e6b5fec396) Importer(815301076,1909f56bfc062723c751e8b465ee728b)
Start importing Assets/Import Assets/TMI - Kitchen/Models/kitchen_stand 3.png using Guid(edfd34281f5d5a041a34a7e6b5fec396) Importer(815301076,1909f56bfc062723c751e8b465ee728b)  -> (artifact id: 'df19d883e414f8224aeb9cc17b29c494') in 0.016754 seconds 
========================================================================
Received Import Request.
  Time since last request: 0.000031 seconds.
  path: Assets/Import Assets/TMI - Kitchen/Models/glass.obj
  artifactKey: Guid(42e1682725fa9d2488eecd65dfa82f66) Importer(815301076,1909f56bfc062723c751e8b465ee728b)
Start importing Assets/Import Assets/TMI - Kitchen/Models/glass.obj using Guid(42e1682725fa9d2488eecd65dfa82f66) Importer(815301076,1909f56bfc062723c751e8b465ee728b)  -> (artifact id: 'c195a82b8c2a86925c22e423f8117b0d') in 0.062325 seconds 
========================================================================
Received Import Request.
  Time since last request: 0.000049 seconds.
  path: Assets/Import Assets/TMI - Kitchen/Models/kitchen_stand.png
  artifactKey: Guid(6624691c55d79204e9c4a6079c3a4daa) Importer(815301076,1909f56bfc062723c751e8b465ee728b)
Start importing Assets/Import Assets/TMI - Kitchen/Models/kitchen_stand.png using Guid(6624691c55d79204e9c4a6079c3a4daa) Importer(815301076,1909f56bfc062723c751e8b465ee728b)  -> (artifact id: '033b3afb21fb61258700ff1ca9f4086a') in 0.016984 seconds 
========================================================================
Received Import Request.
  Time since last request: 0.000032 seconds.
  path: Assets/Import Assets/TMI - Kitchen/Models/kitchen_stand 2.png
  artifactKey: Guid(c06416d49d594464197b37bf2540c8fd) Importer(815301076,1909f56bfc062723c751e8b465ee728b)
Start importing Assets/Import Assets/TMI - Kitchen/Models/kitchen_stand 2.png using Guid(c06416d49d594464197b37bf2540c8fd) Importer(815301076,1909f56bfc062723c751e8b465ee728b)  -> (artifact id: '92b99b52ab7fb3d6b0861f5b9ee70c33') in 0.017022 seconds 
========================================================================
Received Import Request.
  Time since last request: 0.000061 seconds.
  path: Assets/Import Assets/TMI - Kitchen/Models/kitchen_stand door.png
  artifactKey: Guid(4e5adf757600fbb4badda4953bf3dee7) Importer(815301076,1909f56bfc062723c751e8b465ee728b)
Start importing Assets/Import Assets/TMI - Kitchen/Models/kitchen_stand door.png using Guid(4e5adf757600fbb4badda4953bf3dee7) Importer(815301076,1909f56bfc062723c751e8b465ee728b)  -> (artifact id: '7d648d440bfe229f3bc62a701907aca8') in 0.016669 seconds 
========================================================================
Received Import Request.
  Time since last request: 0.000051 seconds.
  path: Assets/Import Assets/TMI - Kitchen/Models/kitchen_stand 3.obj
  artifactKey: Guid(30da8ff4471b5d74c9750fbf3c807ef9) Importer(815301076,1909f56bfc062723c751e8b465ee728b)
Start importing Assets/Import Assets/TMI - Kitchen/Models/kitchen_stand 3.obj using Guid(30da8ff4471b5d74c9750fbf3c807ef9) Importer(815301076,1909f56bfc062723c751e8b465ee728b)  -> (artifact id: '08162c87d4551562ee9c174ed3f7906c') in 0.063921 seconds 
========================================================================
Received Import Request.
  Time since last request: 0.985236 seconds.
  path: Assets/Import Assets/TMI - Kitchen/Models/knife.obj
  artifactKey: Guid(8048c1f5000214742a1e0a457b039d11) Importer(815301076,1909f56bfc062723c751e8b465ee728b)
Start importing Assets/Import Assets/TMI - Kitchen/Models/knife.obj using Guid(8048c1f5000214742a1e0a457b039d11) Importer(815301076,1909f56bfc062723c751e8b465ee728b)  -> (artifact id: 'b8e67e776509f84cf92afccf043ac0e1') in 0.074148 seconds 
========================================================================
Received Import Request.
  Time since last request: 0.000038 seconds.
  path: Assets/Import Assets/TMI - Kitchen/Models/oven 1.obj
  artifactKey: Guid(a1afca6b316ba08449970020d3f132cf) Importer(815301076,1909f56bfc062723c751e8b465ee728b)
Start importing Assets/Import Assets/TMI - Kitchen/Models/oven 1.obj using Guid(a1afca6b316ba08449970020d3f132cf) Importer(815301076,1909f56bfc062723c751e8b465ee728b)  -> (artifact id: '61ac4dbf867a8e5ed0763cb42fa66fab') in 0.078201 seconds 
========================================================================
Received Import Request.
  Time since last request: 0.000067 seconds.
  path: Assets/Import Assets/TMI - Kitchen/Models/microwave door.png
  artifactKey: Guid(a591fa84bf94d6840b1f329846ffd0cf) Importer(815301076,1909f56bfc062723c751e8b465ee728b)
Start importing Assets/Import Assets/TMI - Kitchen/Models/microwave door.png using Guid(a591fa84bf94d6840b1f329846ffd0cf) Importer(815301076,1909f56bfc062723c751e8b465ee728b)  -> (artifact id: '5f777f885057a1ebfec2367cf0427bdb') in 0.020356 seconds 
========================================================================
Received Import Request.
  Time since last request: 0.000061 seconds.
  path: Assets/Import Assets/TMI - Kitchen/Models/microwave door.obj
  artifactKey: Guid(52fd4f21b538a1746b7bff73b948a615) Importer(815301076,1909f56bfc062723c751e8b465ee728b)
Start importing Assets/Import Assets/TMI - Kitchen/Models/microwave door.obj using Guid(52fd4f21b538a1746b7bff73b948a615) Importer(815301076,1909f56bfc062723c751e8b465ee728b)  -> (artifact id: 'e764475a2e7fa0aa9f2a71b4f1c31504') in 0.066304 seconds 
========================================================================
Received Import Request.
  Time since last request: 0.000040 seconds.
  path: Assets/Import Assets/TMI - Kitchen/Models/square napkin.obj
  artifactKey: Guid(c9608ef5f2c096640985ac7f8dbd487f) Importer(815301076,1909f56bfc062723c751e8b465ee728b)
Start importing Assets/Import Assets/TMI - Kitchen/Models/square napkin.obj using Guid(c9608ef5f2c096640985ac7f8dbd487f) Importer(815301076,1909f56bfc062723c751e8b465ee728b)  -> (artifact id: 'b77d39a7874dcdc911d8e9215e3a5c65') in 0.092105 seconds 
========================================================================
Received Import Request.
  Time since last request: 0.000044 seconds.
  path: Assets/Import Assets/TMI - Kitchen/Models/plate.png
  artifactKey: Guid(77290193c0cf67040b4fb93a3d9ea86c) Importer(815301076,1909f56bfc062723c751e8b465ee728b)
Start importing Assets/Import Assets/TMI - Kitchen/Models/plate.png using Guid(77290193c0cf67040b4fb93a3d9ea86c) Importer(815301076,1909f56bfc062723c751e8b465ee728b)  -> (artifact id: 'ce40794a327694130b11a845e5284f43') in 0.034008 seconds 
========================================================================
Received Import Request.
  Time since last request: 0.000057 seconds.
  path: Assets/Import Assets/TMI - Kitchen/Models/table.obj
  artifactKey: Guid(58f33b647fc4607429b43342686ad519) Importer(815301076,1909f56bfc062723c751e8b465ee728b)
Start importing Assets/Import Assets/TMI - Kitchen/Models/table.obj using Guid(58f33b647fc4607429b43342686ad519) Importer(815301076,1909f56bfc062723c751e8b465ee728b)  -> (artifact id: '6f72ada21bc69299652eb9938a9a0fec') in 0.087140 seconds 
========================================================================
Received Import Request.
  Time since last request: 0.000061 seconds.
  path: Assets/Import Assets/TMI - Kitchen/Models/plate.obj
  artifactKey: Guid(31692247927af9b40b91420604f82870) Importer(815301076,1909f56bfc062723c751e8b465ee728b)
Start importing Assets/Import Assets/TMI - Kitchen/Models/plate.obj using Guid(31692247927af9b40b91420604f82870) Importer(815301076,1909f56bfc062723c751e8b465ee728b)  -> (artifact id: '5f71266807634993a7b49062f7f2110f') in 0.079803 seconds 
========================================================================
Received Import Request.
  Time since last request: 0.000060 seconds.
  path: Assets/Import Assets/TMI - Kitchen/Models/spoon.obj
  artifactKey: Guid(61b866e0f3885c84a86dac3479ea950f) Importer(815301076,1909f56bfc062723c751e8b465ee728b)
Start importing Assets/Import Assets/TMI - Kitchen/Models/spoon.obj using Guid(61b866e0f3885c84a86dac3479ea950f) Importer(815301076,1909f56bfc062723c751e8b465ee728b)  -> (artifact id: 'c6df1487e3e23643441a0adb20cece21') in 0.092642 seconds 
========================================================================
Received Import Request.
  Time since last request: 0.000084 seconds.
  path: Assets/Import Assets/TMI - Kitchen/Models/square napkin.png
  artifactKey: Guid(63a3b8b8d9b92fb46b1f87fd2ddc693d) Importer(815301076,1909f56bfc062723c751e8b465ee728b)
Start importing Assets/Import Assets/TMI - Kitchen/Models/square napkin.png using Guid(63a3b8b8d9b92fb46b1f87fd2ddc693d) Importer(815301076,1909f56bfc062723c751e8b465ee728b)  -> (artifact id: 'f0020aef35b47f0c6065a2529d6cded3') in 0.030805 seconds 
========================================================================
Received Import Request.
  Time since last request: 0.004077 seconds.
  path: Assets/Import Assets/TMI - Kitchen/Models/triangle napkin.obj
  artifactKey: Guid(5f6c776c72a701f42b8a2c7c88608773) Importer(815301076,1909f56bfc062723c751e8b465ee728b)
Start importing Assets/Import Assets/TMI - Kitchen/Models/triangle napkin.obj using Guid(5f6c776c72a701f42b8a2c7c88608773) Importer(815301076,1909f56bfc062723c751e8b465ee728b)  -> (artifact id: '4b8192236925d1246512aad086e1a16a') in 0.078809 seconds 
========================================================================
Received Import Request.
  Time since last request: 0.000048 seconds.
  path: Assets/Import Assets/TMI - Kitchen/Models/waffle machine top.obj
  artifactKey: Guid(cf6b4e25cb24c4a4d9d31b2f498ba6d4) Importer(815301076,1909f56bfc062723c751e8b465ee728b)
Start importing Assets/Import Assets/TMI - Kitchen/Models/waffle machine top.obj using Guid(cf6b4e25cb24c4a4d9d31b2f498ba6d4) Importer(815301076,1909f56bfc062723c751e8b465ee728b)  -> (artifact id: '93a9695d26204d330cffee89923e9158') in 0.087496 seconds 
========================================================================
Received Import Request.
  Time since last request: 0.000092 seconds.
  path: Assets/Import Assets/TMI - Kitchen/Models/triangle napkin.png
  artifactKey: Guid(dc9f6a343e8a55540acccca37fdbfb76) Importer(815301076,1909f56bfc062723c751e8b465ee728b)
Start importing Assets/Import Assets/TMI - Kitchen/Models/triangle napkin.png using Guid(dc9f6a343e8a55540acccca37fdbfb76) Importer(815301076,1909f56bfc062723c751e8b465ee728b)  -> (artifact id: 'becd6699f413385d54a3c03242672f71') in 0.020323 seconds 
========================================================================
Received Import Request.
  Time since last request: 0.000051 seconds.
  path: Assets/Import Assets/TMI - Kitchen/Models/wine cup.obj
  artifactKey: Guid(2ca6fd571f52f2c41ab878cdce61c96e) Importer(815301076,1909f56bfc062723c751e8b465ee728b)
Start importing Assets/Import Assets/TMI - Kitchen/Models/wine cup.obj using Guid(2ca6fd571f52f2c41ab878cdce61c96e) Importer(815301076,1909f56bfc062723c751e8b465ee728b)  -> (artifact id: '479618b224b0ff1a0a6a39c180993bc2') in 0.069594 seconds 
Editor requested this worker to shutdown with reason: Scaling down because of idle timeout
AssetImportWorker is now disconnected from the server
Process exiting
Exiting without the bug reporter. Application will terminate with return code 0