Using pre-set license
Built from '2021.3/staging' branch; Version is '2021.3.1f1 (3b70a0754835) revision 3895456'; Using compiler version '192829333'; Build Type 'Release'
OS: 'Windows 10  (10.0.19044) 64bit Professional' Language: 'es' Physical Memory: 6077 MB
BatchMode: 1, IsHumanControllingUs: 0, StartBugReporterOnCrash: 0, Is64bit: 1, IsPro: 1

COMMAND LINE ARGUMENTS:
C:\Program Files\Unity\Hub\Editor\Unity 2021.3.1f1\Editor\Unity.exe
-adb2
-batchMode
-noUpm
-name
AssetImportWorker7
-projectPath
C:/Users/PC 04/Desktop/FoodRush
-logFile
Logs/AssetImportWorker7.log
-srvPort
57397
Successfully changed project path to: C:/Users/PC 04/Desktop/FoodRush
C:/Users/PC 04/Desktop/FoodRush
[UnityMemory] Configuration Parameters - Can be set up in boot.config
    "memorysetup-bucket-allocator-granularity=16"
    "memorysetup-bucket-allocator-bucket-count=8"
    "memorysetup-bucket-allocator-block-size=33554432"
    "memorysetup-bucket-allocator-block-count=8"
    "memorysetup-main-allocator-block-size=16777216"
    "memorysetup-thread-allocator-block-size=16777216"
    "memorysetup-gfx-main-allocator-block-size=16777216"
    "memorysetup-gfx-thread-allocator-block-size=16777216"
    "memorysetup-cache-allocator-block-size=4194304"
    "memorysetup-typetree-allocator-block-size=2097152"
    "memorysetup-profiler-bucket-allocator-granularity=16"
    "memorysetup-profiler-bucket-allocator-bucket-count=8"
    "memorysetup-profiler-bucket-allocator-block-size=33554432"
    "memorysetup-profiler-bucket-allocator-block-count=8"
    "memorysetup-profiler-allocator-block-size=16777216"
    "memorysetup-profiler-editor-allocator-block-size=1048576"
    "memorysetup-temp-allocator-size-main=16777216"
    "memorysetup-job-temp-allocator-block-size=2097152"
    "memorysetup-job-temp-allocator-block-size-background=1048576"
    "memorysetup-job-temp-allocator-reduction-small-platforms=262144"
    "memorysetup-temp-allocator-size-background-worker=32768"
    "memorysetup-temp-allocator-size-job-worker=262144"
    "memorysetup-temp-allocator-size-preload-manager=33554432"
    "memorysetup-temp-allocator-size-nav-mesh-worker=65536"
    "memorysetup-temp-allocator-size-audio-worker=65536"
    "memorysetup-temp-allocator-size-cloud-worker=32768"
    "memorysetup-temp-allocator-size-gi-baking-worker=262144"
    "memorysetup-temp-allocator-size-gfx=262144"
Refreshing native plugins compatible for Editor in 108.02 ms, found 3 plugins.
Preloading 0 native plugins for Editor in 0.00 ms.
Initialize engine version: 2021.3.1f1 (3b70a0754835)
[Subsystems] Discovering subsystems at path C:/Program Files/Unity/Hub/Editor/Unity 2021.3.1f1/Editor/Data/Resources/UnitySubsystems
[Subsystems] Discovering subsystems at path C:/Users/PC 04/Desktop/FoodRush/Assets
GfxDevice: creating device client; threaded=0; jobified=0
Direct3D:
    Version:  Direct3D 11.0 [level 11.1]
    Renderer: AMD Radeon(TM) RX Vega 11 Graphics (ID=0x15d8)
    Vendor:   ATI
    VRAM:     3038 MB
    Driver:   30.0.13014.8
Initialize mono
Mono path[0] = 'C:/Program Files/Unity/Hub/Editor/Unity 2021.3.1f1/Editor/Data/Managed'
Mono path[1] = 'C:/Program Files/Unity/Hub/Editor/Unity 2021.3.1f1/Editor/Data/MonoBleedingEdge/lib/mono/unityjit-win32'
Mono config path = 'C:/Program Files/Unity/Hub/Editor/Unity 2021.3.1f1/Editor/Data/MonoBleedingEdge/etc'
Using monoOptions --debugger-agent=transport=dt_socket,embedding=1,server=y,suspend=n,address=127.0.0.1:56768
Begin MonoManager ReloadAssembly
Registering precompiled unity dll's ...
Register platform support module: C:/Program Files/Unity/Hub/Editor/Unity 2021.3.1f1/Editor/Data/PlaybackEngines/WindowsStandaloneSupport/UnityEditor.WindowsStandalone.Extensions.dll
Registered in 0.014126 seconds.
Native extension for WindowsStandalone target not found
Refreshing native plugins compatible for Editor in 87.35 ms, found 3 plugins.
Preloading 0 native plugins for Editor in 0.00 ms.
Mono: successfully reloaded assembly
- Completed reload, in  0.918 seconds
Domain Reload Profiling:
	ReloadAssembly (918ms)
		BeginReloadAssembly (185ms)
			ExecutionOrderSort (0ms)
			DisableScriptedObjects (0ms)
			BackupInstance (0ms)
			ReleaseScriptingObjects (0ms)
			CreateAndSetChildDomain (1ms)
		EndReloadAssembly (562ms)
			LoadAssemblies (181ms)
			RebuildTransferFunctionScriptingTraits (0ms)
			SetupTypeCache (130ms)
			ReleaseScriptCaches (0ms)
			RebuildScriptCaches (37ms)
			SetupLoadedEditorAssemblies (330ms)
				LogAssemblyErrors (0ms)
				InitializePlatformSupportModulesInManaged (11ms)
				SetLoadedEditorAssemblies (0ms)
				RefreshPlugins (87ms)
				BeforeProcessingInitializeOnLoad (1ms)
				ProcessInitializeOnLoadAttributes (166ms)
				ProcessInitializeOnLoadMethodAttributes (63ms)
				AfterProcessingInitializeOnLoad (0ms)
				EditorAssembliesLoaded (0ms)
			ExecutionOrderSort2 (0ms)
			AwakeInstancesAfterBackupRestoration (0ms)
Platform modules already initialized, skipping
Registering precompiled user dll's ...
Registered in 0.008815 seconds.
Begin MonoManager ReloadAssembly
Symbol file LoadedFromMemory doesn't match image C:\Users\PC 04\Desktop\FoodRush\Library\PackageCache\com.unity.visualscripting@1.7.6\Editor\VisualScripting.Core\Dependencies\YamlDotNet\Unity.VisualScripting.YamlDotNet.dll
Symbol file LoadedFromMemory is not a mono symbol file
Symbol file LoadedFromMemory doesn't match image C:\Users\PC 04\Desktop\FoodRush\Library\PackageCache\com.unity.visualscripting@1.7.6\Editor\VisualScripting.Core\Dependencies\DotNetZip\Unity.VisualScripting.IonicZip.dll
Native extension for WindowsStandalone target not found
Refreshing native plugins compatible for Editor in 0.67 ms, found 3 plugins.
Preloading 0 native plugins for Editor in 0.00 ms.
Mono: successfully reloaded assembly
- Completed reload, in  1.417 seconds
Domain Reload Profiling:
	ReloadAssembly (1419ms)
		BeginReloadAssembly (152ms)
			ExecutionOrderSort (0ms)
			DisableScriptedObjects (7ms)
			BackupInstance (0ms)
			ReleaseScriptingObjects (0ms)
			CreateAndSetChildDomain (26ms)
		EndReloadAssembly (1107ms)
			LoadAssemblies (223ms)
			RebuildTransferFunctionScriptingTraits (0ms)
			SetupTypeCache (338ms)
			ReleaseScriptCaches (1ms)
			RebuildScriptCaches (72ms)
			SetupLoadedEditorAssemblies (428ms)
				LogAssemblyErrors (0ms)
				InitializePlatformSupportModulesInManaged (7ms)
				SetLoadedEditorAssemblies (1ms)
				RefreshPlugins (1ms)
				BeforeProcessingInitializeOnLoad (98ms)
				ProcessInitializeOnLoadAttributes (277ms)
				ProcessInitializeOnLoadMethodAttributes (32ms)
				AfterProcessingInitializeOnLoad (13ms)
				EditorAssembliesLoaded (0ms)
			ExecutionOrderSort2 (0ms)
			AwakeInstancesAfterBackupRestoration (9ms)
Platform modules already initialized, skipping
========================================================================
Worker process is ready to serve import requests
Launched and connected shader compiler UnityShaderCompiler.exe after 0.11 seconds
Refreshing native plugins compatible for Editor in 0.70 ms, found 3 plugins.
Preloading 0 native plugins for Editor in 0.00 ms.
Unloading 3225 Unused Serialized files (Serialized files now loaded: 0)
Unloading 23 unused Assets / (112.4 KB). Loaded Objects now: 3687.
Memory consumption went from 112.7 MB to 112.6 MB.
Total: 5.147500 ms (FindLiveObjects: 0.449700 ms CreateObjectMapping: 0.148700 ms MarkObjects: 4.418900 ms  DeleteObjects: 0.128400 ms)

AssetImportParameters requested are different than current active one (requested -> active):
  custom:video-decoder-ogg-theora: a1e56fd34408186e4bbccfd4996cb3dc -> 
  custom:container-muxer-webm: aa71ff27fc2769a1b78a27578f13a17b -> 
  custom:container-demuxer-webm: 4f35f7cbe854078d1ac9338744f61a02 -> 
  custom:video-encoder-webm-vp8: eb34c28f22e8b96e1ab97ce403110664 -> 
  custom:audio-encoder-webm-vorbis: bf7c407c2cedff20999df2af8eb42d56 -> 
  custom:framework-win-MediaFoundation: 216162199b28c13a410421893ffa2e32 -> 
  custom:container-demuxer-ogg: 62fdf1f143b41e24485cea50d1cbac27 -> 
  custom:video-decoder-webm-vp8: 9c59270c3fd7afecdb556c50c9e8de78 -> 
  custom:audio-decoder-ogg-vorbis: bf7c407c2cedff20999df2af8eb42d56 -> 
========================================================================
Received Import Request.
  Time since last request: 1136281.042686 seconds.
  path: Assets/Import Assets/Restaurant Interior Full Pack/1.Prefabs/tables_and_chairs/set_2.prefab
  artifactKey: Guid(0b67eedffdd07497189666ed2c63cc4a) Importer(815301076,1909f56bfc062723c751e8b465ee728b)
Start importing Assets/Import Assets/Restaurant Interior Full Pack/1.Prefabs/tables_and_chairs/set_2.prefab using Guid(0b67eedffdd07497189666ed2c63cc4a) Importer(815301076,1909f56bfc062723c751e8b465ee728b)  -> (artifact id: 'ef3d6af913f626cee8c4792215eee79f') in 0.364558 seconds 
========================================================================
Received Import Request.
  Time since last request: 0.000082 seconds.
  path: Assets/Import Assets/Restaurant Interior Full Pack/1.Prefabs/tables_and_chairs/set_18.prefab
  artifactKey: Guid(a49a6a359eb874c17acf3f0a541ab207) Importer(815301076,1909f56bfc062723c751e8b465ee728b)
Start importing Assets/Import Assets/Restaurant Interior Full Pack/1.Prefabs/tables_and_chairs/set_18.prefab using Guid(a49a6a359eb874c17acf3f0a541ab207) Importer(815301076,1909f56bfc062723c751e8b465ee728b)  -> (artifact id: '8f405acb07c33e0827400ee0c27772ad') in 0.032608 seconds 
========================================================================
Received Import Request.
  Time since last request: 0.000053 seconds.
  path: Assets/Import Assets/Restaurant Interior Full Pack/1.Prefabs/tables_and_chairs/set_3.prefab
  artifactKey: Guid(a91dd663d97fe468cbc205e395f59549) Importer(815301076,1909f56bfc062723c751e8b465ee728b)
Start importing Assets/Import Assets/Restaurant Interior Full Pack/1.Prefabs/tables_and_chairs/set_3.prefab using Guid(a91dd663d97fe468cbc205e395f59549) Importer(815301076,1909f56bfc062723c751e8b465ee728b)  -> (artifact id: '4ac636c362f807123c67570d7d707fa2') in 0.028819 seconds 
========================================================================
Received Import Request.
  Time since last request: 0.000040 seconds.
  path: Assets/Import Assets/Restaurant Interior Full Pack/1.Prefabs/tables_and_chairs/set_8.prefab
  artifactKey: Guid(cc3141f097631451a951bf9988e21a2a) Importer(815301076,1909f56bfc062723c751e8b465ee728b)
Start importing Assets/Import Assets/Restaurant Interior Full Pack/1.Prefabs/tables_and_chairs/set_8.prefab using Guid(cc3141f097631451a951bf9988e21a2a) Importer(815301076,1909f56bfc062723c751e8b465ee728b)  -> (artifact id: '22280f66790e4ff6ce3fc5e4685e3b82') in 0.030778 seconds 
========================================================================
Received Import Request.
  Time since last request: 0.000033 seconds.
  path: Assets/Import Assets/Restaurant Interior Full Pack/1.Prefabs/tables_and_chairs/set_6.prefab
  artifactKey: Guid(5bb660b3191544598ba3b79daac62207) Importer(815301076,1909f56bfc062723c751e8b465ee728b)
Start importing Assets/Import Assets/Restaurant Interior Full Pack/1.Prefabs/tables_and_chairs/set_6.prefab using Guid(5bb660b3191544598ba3b79daac62207) Importer(815301076,1909f56bfc062723c751e8b465ee728b)  -> (artifact id: 'dd9c3631583a05b0c72fc38197b0ba88') in 0.029485 seconds 
========================================================================
Received Import Request.
  Time since last request: 0.000041 seconds.
  path: Assets/Import Assets/Restaurant Interior Full Pack/1.Prefabs/tables_and_chairs/set_22.prefab
  artifactKey: Guid(f4ef769eb932a4ea0be12aa0e697be92) Importer(815301076,1909f56bfc062723c751e8b465ee728b)
Start importing Assets/Import Assets/Restaurant Interior Full Pack/1.Prefabs/tables_and_chairs/set_22.prefab using Guid(f4ef769eb932a4ea0be12aa0e697be92) Importer(815301076,1909f56bfc062723c751e8b465ee728b)  -> (artifact id: '86c8100ad612859537450154bafe3c9d') in 0.034385 seconds 
========================================================================
Received Import Request.
  Time since last request: 0.000031 seconds.
  path: Assets/Import Assets/Restaurant Interior Full Pack/1.Prefabs/tables_and_chairs/set_14.prefab
  artifactKey: Guid(4a0f06f0718c7443196a9b8e0f6898da) Importer(815301076,1909f56bfc062723c751e8b465ee728b)
Start importing Assets/Import Assets/Restaurant Interior Full Pack/1.Prefabs/tables_and_chairs/set_14.prefab using Guid(4a0f06f0718c7443196a9b8e0f6898da) Importer(815301076,1909f56bfc062723c751e8b465ee728b)  -> (artifact id: '35530a4c85f26c909fe882b1938c2f05') in 0.035856 seconds 
========================================================================
Received Import Request.
  Time since last request: 0.000054 seconds.
  path: Assets/Import Assets/Restaurant Interior Full Pack/1.Prefabs/tables_and_chairs/set_23.prefab
  artifactKey: Guid(7a3b9833b065042029e1f1320468829c) Importer(815301076,1909f56bfc062723c751e8b465ee728b)
Start importing Assets/Import Assets/Restaurant Interior Full Pack/1.Prefabs/tables_and_chairs/set_23.prefab using Guid(7a3b9833b065042029e1f1320468829c) Importer(815301076,1909f56bfc062723c751e8b465ee728b)  -> (artifact id: '5d9d04c7f38f4c62d0ef5602c2d42d70') in 0.038606 seconds 
========================================================================
Received Import Request.
  Time since last request: 0.000065 seconds.
  path: Assets/Import Assets/Restaurant Interior Full Pack/1.Prefabs/tables_and_chairs/set_28.prefab
  artifactKey: Guid(600faba6337d448c1b4098d7d5748761) Importer(815301076,1909f56bfc062723c751e8b465ee728b)
Start importing Assets/Import Assets/Restaurant Interior Full Pack/1.Prefabs/tables_and_chairs/set_28.prefab using Guid(600faba6337d448c1b4098d7d5748761) Importer(815301076,1909f56bfc062723c751e8b465ee728b)  -> (artifact id: '4d90938471369b6b12822a51304f3c57') in 0.042023 seconds 
========================================================================
Received Import Request.
  Time since last request: 0.000053 seconds.
  path: Assets/Import Assets/Restaurant Interior Full Pack/1.Prefabs/tables_and_chairs/set_13.prefab
  artifactKey: Guid(e7cdb7d8d3316495bbd1eac3324e3cf7) Importer(815301076,1909f56bfc062723c751e8b465ee728b)
Start importing Assets/Import Assets/Restaurant Interior Full Pack/1.Prefabs/tables_and_chairs/set_13.prefab using Guid(e7cdb7d8d3316495bbd1eac3324e3cf7) Importer(815301076,1909f56bfc062723c751e8b465ee728b)  -> (artifact id: '00423619a90308b5c1c3a791acb00101') in 0.041343 seconds 
========================================================================
Received Import Request.
  Time since last request: 0.000043 seconds.
  path: Assets/Import Assets/Restaurant Interior Full Pack/1.Prefabs/tables_and_chairs/set_21.prefab
  artifactKey: Guid(ac2533dd50500466992bd123c61e0ac5) Importer(815301076,1909f56bfc062723c751e8b465ee728b)
Start importing Assets/Import Assets/Restaurant Interior Full Pack/1.Prefabs/tables_and_chairs/set_21.prefab using Guid(ac2533dd50500466992bd123c61e0ac5) Importer(815301076,1909f56bfc062723c751e8b465ee728b)  -> (artifact id: '0aba2acc9d559aee40b5334f7b9ff352') in 0.031291 seconds 
========================================================================
Received Import Request.
  Time since last request: 0.000049 seconds.
  path: Assets/Import Assets/Restaurant Interior Full Pack/1.Prefabs/tables_and_chairs/set_10.prefab
  artifactKey: Guid(3555355e852544e06acab24559c7f729) Importer(815301076,1909f56bfc062723c751e8b465ee728b)
Start importing Assets/Import Assets/Restaurant Interior Full Pack/1.Prefabs/tables_and_chairs/set_10.prefab using Guid(3555355e852544e06acab24559c7f729) Importer(815301076,1909f56bfc062723c751e8b465ee728b)  -> (artifact id: '8211ed5b6ea9c929db975d222b7dd222') in 0.033461 seconds 
========================================================================
Received Import Request.
  Time since last request: 47.377091 seconds.
  path: Assets/Import Assets/Restaurant Interior Full Pack/1.Prefabs/walls/walll_window_green.prefab
  artifactKey: Guid(8fd8a57a30bb14c5b955916c92840436) Importer(815301076,1909f56bfc062723c751e8b465ee728b)
Start importing Assets/Import Assets/Restaurant Interior Full Pack/1.Prefabs/walls/walll_window_green.prefab using Guid(8fd8a57a30bb14c5b955916c92840436) Importer(815301076,1909f56bfc062723c751e8b465ee728b)  -> (artifact id: '4a13dc987be200c7821d363b9f1e6743') in 0.040969 seconds 
Editor requested this worker to shutdown with reason: Scaling down because of idle timeout
AssetImportWorker is now disconnected from the server
Process exiting
Exiting without the bug reporter. Application will terminate with return code 0